{"/Users/andela/Desktop/Andela/mybrandbackend/src/app.js":{"path":"/Users/andela/Desktop/Andela/mybrandbackend/src/app.js","statementMap":{"0":{"start":{"line":3,"column":14},"end":{"line":3,"column":55}},"1":{"start":{"line":5,"column":15},"end":{"line":5,"column":57}},"2":{"start":{"line":7,"column":16},"end":{"line":7,"column":59}},"3":{"start":{"line":9,"column":24},"end":{"line":9,"column":77}},"4":{"start":{"line":11,"column":21},"end":{"line":11,"column":72}},"5":{"start":{"line":13,"column":20},"end":{"line":13,"column":68}},"6":{"start":{"line":15,"column":12},"end":{"line":15,"column":51}},"7":{"start":{"line":17,"column":39},"end":{"line":17,"column":95}},"8":{"start":{"line":25,"column":18},"end":{"line":28,"column":1}},"9":{"start":{"line":31,"column":0},"end":{"line":31,"column":28}},"10":{"start":{"line":33,"column":10},"end":{"line":33,"column":36}},"11":{"start":{"line":52,"column":20},"end":{"line":52,"column":47}},"12":{"start":{"line":54,"column":18},"end":{"line":54,"column":48}},"13":{"start":{"line":56,"column":17},"end":{"line":56,"column":46}},"14":{"start":{"line":59,"column":0},"end":{"line":66,"column":3}},"15":{"start":{"line":63,"column":2},"end":{"line":63,"column":42}},"16":{"start":{"line":65,"column":2},"end":{"line":65,"column":48}},"17":{"start":{"line":69,"column":0},"end":{"line":69,"column":36}},"18":{"start":{"line":70,"column":0},"end":{"line":74,"column":3}},"19":{"start":{"line":71,"column":2},"end":{"line":73,"column":5}},"20":{"start":{"line":75,"column":0},"end":{"line":75,"column":67}},"21":{"start":{"line":76,"column":0},"end":{"line":76,"column":65}},"22":{"start":{"line":77,"column":0},"end":{"line":77,"column":64}},"23":{"start":{"line":78,"column":0},"end":{"line":78,"column":156}},"24":{"start":{"line":79,"column":0},"end":{"line":79,"column":44}},"25":{"start":{"line":83,"column":11},"end":{"line":83,"column":35}},"26":{"start":{"line":84,"column":0},"end":{"line":86,"column":3}},"27":{"start":{"line":85,"column":2},"end":{"line":85,"column":54}},"28":{"start":{"line":87,"column":0},"end":{"line":87,"column":21}}},"fnMap":{"0":{"name":"_interopRequireDefault","decl":{"start":{"line":17,"column":9},"end":{"line":17,"column":31}},"loc":{"start":{"line":17,"column":37},"end":{"line":17,"column":97}},"line":17},"1":{"name":"(anonymous_1)","decl":{"start":{"line":62,"column":8},"end":{"line":62,"column":9}},"loc":{"start":{"line":62,"column":20},"end":{"line":64,"column":1}},"line":62},"2":{"name":"(anonymous_2)","decl":{"start":{"line":64,"column":12},"end":{"line":64,"column":13}},"loc":{"start":{"line":64,"column":29},"end":{"line":66,"column":1}},"line":64},"3":{"name":"(anonymous_3)","decl":{"start":{"line":70,"column":53},"end":{"line":70,"column":54}},"loc":{"start":{"line":70,"column":73},"end":{"line":74,"column":1}},"line":70},"4":{"name":"(anonymous_4)","decl":{"start":{"line":84,"column":17},"end":{"line":84,"column":18}},"loc":{"start":{"line":84,"column":29},"end":{"line":86,"column":1}},"line":84}},"branchMap":{"0":{"loc":{"start":{"line":17,"column":46},"end":{"line":17,"column":94}},"type":"cond-expr","locations":[{"start":{"line":17,"column":70},"end":{"line":17,"column":73}},{"start":{"line":17,"column":76},"end":{"line":17,"column":94}}],"line":17},"1":{"loc":{"start":{"line":17,"column":46},"end":{"line":17,"column":67}},"type":"binary-expr","locations":[{"start":{"line":17,"column":46},"end":{"line":17,"column":49}},{"start":{"line":17,"column":53},"end":{"line":17,"column":67}}],"line":17},"2":{"loc":{"start":{"line":83,"column":11},"end":{"line":83,"column":35}},"type":"binary-expr","locations":[{"start":{"line":83,"column":11},"end":{"line":83,"column":27}},{"start":{"line":83,"column":31},"end":{"line":83,"column":35}}],"line":83}},"s":{"0":1,"1":1,"2":1,"3":1,"4":1,"5":1,"6":1,"7":7,"8":1,"9":1,"10":1,"11":1,"12":1,"13":1,"14":1,"15":1,"16":0,"17":1,"18":1,"19":0,"20":1,"21":1,"22":1,"23":1,"24":1,"25":1,"26":1,"27":1,"28":1},"f":{"0":7,"1":1,"2":0,"3":0,"4":1},"b":{"0":[1,6],"1":[7,7],"2":[1,0]},"inputSourceMap":{"version":3,"sources":["app.js"],"names":["corsOptions","origin","optionsSuccessStatus","dotenv","config","app","contact_route","require","users_route","blog_route","mongoose","connect","process","env","DB_CONNECT","useNewUrlParser","useUnifiedTopology","then","console","log","error","use","express","json","get","req","res","message","swaggerUI","serve","setup","documentation","port","PORT","listen","module","exports"],"mappings":";;AAQA;;AACA;;AACA;;AACA;;AACA;;AACA;;AACA;;;;AAdA;AACA;AACA;AACA;AACA;AAGA;AASA,IAAMA,WAAW,GAAG;AAChBC,EAAAA,MAAM,EAAE,GADQ;AAEhBC,EAAAA,oBAAoB,EAAE;AAFN,CAApB,C,CAIA;AACA;;AAIAC,mBAAOC,MAAP;;AACA,IAAMC,GAAG,GAAG,0BAAZ,C,CAGA;AACA;AACA;AACA;AACA;AACA;AACA;AACA;AACA;AACA;AACA;AACA;AACA;AAEA;AACA;AACA;AACA;AAGA;;AAEA,IAAMC,aAAa,GAAGC,OAAO,CAAC,kBAAD,CAA7B;;AACA,IAAMC,WAAW,GAAGD,OAAO,CAAC,qBAAD,CAA3B;;AACA,IAAME,UAAU,GAAGF,OAAO,CAAC,oBAAD,CAA1B,C,CAEA;;;AACAG,qBAASC,OAAT,CAAiBC,OAAO,CAACC,GAAR,CAAYC,UAA7B,EAAyC;AAAEC,EAAAA,eAAe,EAAE,IAAnB;AAAyBC,EAAAA,kBAAkB,EAAE;AAA7C,CAAzC,EACCC,IADD,CACM,YAAI;AAACC,EAAAA,OAAO,CAACC,GAAR,CAAY,0BAAZ;AAAwC,CADnD,WAEO,UAACC,KAAD,EAAS;AAACF,EAAAA,OAAO,CAACC,GAAR,CAAY,2BAAyBC,KAArC;AAA4C,CAF7D,E,CAIA;;;AACAf,GAAG,CAACgB,GAAJ,CAAQC,oBAAQC,IAAR,EAAR;AACAlB,GAAG,CAACmB,GAAJ,CAAQ,OAAR,EAAgB,sBAAKxB,WAAL,CAAhB,EAAkC,UAACyB,GAAD,EAAKC,GAAL,EAAW;AACzCA,EAAAA,GAAG,CAACH,IAAJ,CAAS;AAACI,IAAAA,OAAO,EAAC;AAAT,GAAT;AACH,CAFD;AAGAtB,GAAG,CAACgB,GAAJ,CAAQ,MAAR,EAAe,sBAAKrB,WAAL,CAAf,EAAkCM,aAAlC;AACAD,GAAG,CAACgB,GAAJ,CAAQ,MAAR,EAAe,sBAAKrB,WAAL,CAAf,EAAkCQ,WAAlC;AACAH,GAAG,CAACgB,GAAJ,CAAQ,MAAR,EAAe,sBAAKrB,WAAL,CAAf,EAAkCS,UAAlC;AACAJ,GAAG,CAACgB,GAAJ,CAAQ,WAAR,EAAoB,sBAAKrB,WAAL,CAApB,EAAsC4B,6BAAUC,KAAhD,EAAsDD,6BAAUE,KAAV,CAAgBC,yBAAhB,CAAtD;AACA1B,GAAG,CAACgB,GAAJ,CAAQ,sBAAKrB,WAAL,CAAR,E,CACA;AACA;AAEA;;AACA,IAAMgC,IAAI,GAAGpB,OAAO,CAACC,GAAR,CAAYoB,IAAZ,IAAoB,IAAjC;AACA5B,GAAG,CAAC6B,MAAJ,CAAWF,IAAX,EAAiB,YAAI;AACjBd,EAAAA,OAAO,CAACC,GAAR,kCAAsCa,IAAtC;AACH,CAFD;AAGAG,MAAM,CAACC,OAAP,GAAiB/B,GAAjB","sourceRoot":"/Users/andela/Desktop/Andela/mybrandbackend/src/","sourcesContent":["// const express = require(\"express\")\n// const mongoose = require(\"mongoose\")\n// const dotenv = require(\"dotenv\").config();\n// const app = express()\n// const bcrypt = require('bcrypt')\n\n\n//Import using ES6\nimport dotenv from 'dotenv';\nimport express from 'express';\nimport mongoose from 'mongoose';\nimport swaggerUI from 'swagger-ui-express';\nimport documentation from '../documentation';\nimport swaggerJsDoc from 'swagger-jsdoc';\nimport cors from 'cors';\n\nconst corsOptions = {\n    origin: '*',\n    optionsSuccessStatus: 200 \n}\n// const corsOptions = { origin: '*', optionsSuccessStatus: 200 // some legacy browsers (IE11, various SmartTVs) choke on 204 \n// } \n\n  \n\ndotenv.config();\nconst app = express()\n\n\n// const options = {\n//     definition: {\n//         openapi:\"3.0.0\",\n//         info:{\n//             title:'My Brand Api',\n//             version:\"1.0.0\",\n//             description:\"My rand api is background engine for my portfolio website. it runs on NodeJs using MongoDB as database with Mongoose as the ORM. I am using JWT for handling authentications and JOI for Validating inputs from the user before they are sent to the server and Bcrypt for hashing passwords stored in the database.\"\n//         },\n//         servers:[\n//             {\n//                 url:\"http://127.0.0.1:3000\"\n//             }\n//         ],\n      \n//     },\n//     apis:[\"./routes/*.js\"]\n// }\n// const specs = swaggerJsDoc(options)\n\n\n// Import Routes\n\nconst contact_route = require(\"./routes/contact\");\nconst users_route = require(\"./routes/usersRoute\")\nconst blog_route = require(\"./routes/blogRoute\")\n\n//Database connection\nmongoose.connect(process.env.DB_CONNECT, { useNewUrlParser: true, useUnifiedTopology: true })\n.then(()=>{console.log(\"database connected......\")})\n.catch((error)=>{console.log(\"database not connected\"+error)})\n\n// Route\napp.use(express.json())\napp.get(\"/test\",cors(corsOptions),(req,res)=>{\n    res.json({message:\"you made it blooo\"})\n})\napp.use(\"/api\",cors(corsOptions), contact_route)\napp.use(\"/api\",cors(corsOptions), users_route)\napp.use(\"/api\",cors(corsOptions), blog_route)\napp.use(\"/api-docs\",cors(corsOptions),swaggerUI.serve,swaggerUI.setup(documentation))\napp.use(cors(corsOptions))\n// app.use(\"/api\",cors(corsOptions),\"*\")\n// app.all(cors(corsOptions))\n\n//port connection\nconst port = process.env.PORT || 3000\napp.listen(port, ()=>{\n    console.log(`server running on port:${port}`)\n}) \nmodule.exports = app"]},"_coverageSchema":"1a1c01bbd47fc00a2c39e90264f33305004495a9","hash":"1963d6720d5563d4661c4819b062febf0abf691b","contentHash":"50586056b59e78ce9a494f3176d7eceb1b87b2ca52b97b5af2362c665cc1d2d1"},"/Users/andela/Desktop/Andela/mybrandbackend/src/routes/contact.js":{"path":"/Users/andela/Desktop/Andela/mybrandbackend/src/routes/contact.js","statementMap":{"0":{"start":{"line":3,"column":15},"end":{"line":3,"column":57}},"1":{"start":{"line":5,"column":15},"end":{"line":5,"column":74}},"2":{"start":{"line":7,"column":21},"end":{"line":7,"column":86}},"3":{"start":{"line":9,"column":39},"end":{"line":9,"column":95}},"4":{"start":{"line":14,"column":13},"end":{"line":14,"column":41}},"5":{"start":{"line":16,"column":0},"end":{"line":16,"column":57}},"6":{"start":{"line":17,"column":0},"end":{"line":17,"column":85}},"7":{"start":{"line":18,"column":0},"end":{"line":18,"column":92}},"8":{"start":{"line":19,"column":0},"end":{"line":19,"column":95}},"9":{"start":{"line":20,"column":0},"end":{"line":20,"column":24}}},"fnMap":{"0":{"name":"_interopRequireDefault","decl":{"start":{"line":9,"column":9},"end":{"line":9,"column":31}},"loc":{"start":{"line":9,"column":37},"end":{"line":9,"column":97}},"line":9}},"branchMap":{"0":{"loc":{"start":{"line":9,"column":46},"end":{"line":9,"column":94}},"type":"cond-expr","locations":[{"start":{"line":9,"column":70},"end":{"line":9,"column":73}},{"start":{"line":9,"column":76},"end":{"line":9,"column":94}}],"line":9},"1":{"loc":{"start":{"line":9,"column":46},"end":{"line":9,"column":67}},"type":"binary-expr","locations":[{"start":{"line":9,"column":46},"end":{"line":9,"column":49}},{"start":{"line":9,"column":53},"end":{"line":9,"column":67}}],"line":9}},"s":{"0":1,"1":1,"2":1,"3":3,"4":1,"5":1,"6":1,"7":1,"8":1,"9":1},"f":{"0":3},"b":{"0":[1,2],"1":[3,3]},"inputSourceMap":{"version":3,"sources":["contact.js"],"names":["router","express","Router","post","ContactController","sendMessage","get","verify","GetAllMessage","GetsingleMessage","DeleteMessage","module","exports"],"mappings":";;AAKA;;AACA;;AACA;;;;AAPA;AACA;AACA;AAMA,IAAMA,MAAM,GAAGC,oBAAQC,MAAR,EAAf;;AAEAF,MAAM,CAACG,IAAP,CAAY,UAAZ,EAAwBC,oBAAkBC,WAA1C;AACAL,MAAM,CAACM,GAAP,CAAW,UAAX,EAAsBC,yBAAtB,EAA8BH,oBAAkBI,aAAhD;AACAR,MAAM,CAACM,GAAP,CAAW,cAAX,EAA0BC,yBAA1B,EAAiCH,oBAAkBK,gBAAnD;AACAT,MAAM,UAAN,CAAc,cAAd,EAA6BO,yBAA7B,EAAoCH,oBAAkBM,aAAtD;AAEAC,MAAM,CAACC,OAAP,GAAiBZ,MAAjB","sourceRoot":"/Users/andela/Desktop/Andela/mybrandbackend/src/routes/","sourcesContent":["// const express = require(\"express\");\n// const contactController = require(\"../controller/contact\")\n// const verify = require(\"../middleware/authenticator\")\n\n\nimport express from \"express\";\nimport ContactController from \"../controller/contact.js\";\nimport verify from \"../middleware/authenticator.js\";\nconst router = express.Router();\n\nrouter.post(\"/contact\", ContactController.sendMessage)\nrouter.get(\"/contact\",verify, ContactController.GetAllMessage)\nrouter.get(\"/contact/:id\",verify,ContactController.GetsingleMessage)\nrouter.delete(\"/contact/:id\",verify,ContactController.DeleteMessage)\n\nmodule.exports = router;"]},"_coverageSchema":"1a1c01bbd47fc00a2c39e90264f33305004495a9","hash":"611a57ab15625434a264efb15aa6256c09dc3d13","contentHash":"56ea93a4e0816c61d529fef883c3b1607050a1418f486b468402325fc1e860f3"},"/Users/andela/Desktop/Andela/mybrandbackend/src/controller/contact.js":{"path":"/Users/andela/Desktop/Andela/mybrandbackend/src/controller/contact.js","statementMap":{"0":{"start":{"line":3,"column":0},"end":{"line":5,"column":3}},"1":{"start":{"line":6,"column":0},"end":{"line":6,"column":28}},"2":{"start":{"line":8,"column":15},"end":{"line":8,"column":70}},"3":{"start":{"line":10,"column":25},"end":{"line":10,"column":70}},"4":{"start":{"line":12,"column":13},"end":{"line":12,"column":66}},"5":{"start":{"line":14,"column":39},"end":{"line":14,"column":95}},"6":{"start":{"line":16,"column":77},"end":{"line":16,"column":175}},"7":{"start":{"line":16,"column":94},"end":{"line":16,"column":107}},"8":{"start":{"line":16,"column":121},"end":{"line":16,"column":131}},"9":{"start":{"line":16,"column":151},"end":{"line":16,"column":165}},"10":{"start":{"line":16,"column":166},"end":{"line":16,"column":173}},"11":{"start":{"line":16,"column":176},"end":{"line":16,"column":263}},"12":{"start":{"line":16,"column":193},"end":{"line":16,"column":208}},"13":{"start":{"line":16,"column":218},"end":{"line":16,"column":261}},"14":{"start":{"line":18,"column":33},"end":{"line":18,"column":387}},"15":{"start":{"line":18,"column":65},"end":{"line":18,"column":69}},"16":{"start":{"line":18,"column":78},"end":{"line":18,"column":87}},"17":{"start":{"line":18,"column":89},"end":{"line":18,"column":384}},"18":{"start":{"line":18,"column":147},"end":{"line":18,"column":167}},"19":{"start":{"line":18,"column":193},"end":{"line":18,"column":264}},"20":{"start":{"line":18,"column":290},"end":{"line":18,"column":360}},"21":{"start":{"line":18,"column":363},"end":{"line":18,"column":380}},"22":{"start":{"line":20,"column":44},"end":{"line":20,"column":315}},"23":{"start":{"line":20,"column":57},"end":{"line":20,"column":58}},"24":{"start":{"line":20,"column":102},"end":{"line":20,"column":110}},"25":{"start":{"line":20,"column":112},"end":{"line":20,"column":167}},"26":{"start":{"line":20,"column":168},"end":{"line":20,"column":199}},"27":{"start":{"line":20,"column":200},"end":{"line":20,"column":254}},"28":{"start":{"line":20,"column":227},"end":{"line":20,"column":254}},"29":{"start":{"line":20,"column":255},"end":{"line":20,"column":313}},"30":{"start":{"line":22,"column":62},"end":{"line":22,"column":131}},"31":{"start":{"line":22,"column":78},"end":{"line":22,"column":131}},"32":{"start":{"line":22,"column":132},"end":{"line":22,"column":193}},"33":{"start":{"line":22,"column":149},"end":{"line":22,"column":193}},"34":{"start":{"line":22,"column":194},"end":{"line":22,"column":263}},"35":{"start":{"line":22,"column":264},"end":{"line":22,"column":283}},"36":{"start":{"line":24,"column":50},"end":{"line":24,"column":151}},"37":{"start":{"line":24,"column":92},"end":{"line":24,"column":149}},"38":{"start":{"line":26,"column":44},"end":{"line":26,"column":195}},"39":{"start":{"line":26,"column":62},"end":{"line":26,"column":166}},"40":{"start":{"line":26,"column":176},"end":{"line":26,"column":193}},"41":{"start":{"line":26,"column":196},"end":{"line":26,"column":207}},"42":{"start":{"line":28,"column":37},"end":{"line":30,"column":2}},"43":{"start":{"line":29,"column":2},"end":{"line":29,"column":43}},"44":{"start":{"line":32,"column":0},"end":{"line":74,"column":5}},"45":{"start":{"line":33,"column":13},"end":{"line":69,"column":5}},"46":{"start":{"line":36,"column":4},"end":{"line":68,"column":16}},"47":{"start":{"line":37,"column":6},"end":{"line":67,"column":7}},"48":{"start":{"line":38,"column":8},"end":{"line":66,"column":9}},"49":{"start":{"line":40,"column":12},"end":{"line":40,"column":129}},"50":{"start":{"line":42,"column":12},"end":{"line":45,"column":13}},"51":{"start":{"line":43,"column":14},"end":{"line":43,"column":32}},"52":{"start":{"line":44,"column":14},"end":{"line":44,"column":20}},"53":{"start":{"line":47,"column":12},"end":{"line":47,"column":59}},"54":{"start":{"line":48,"column":12},"end":{"line":48,"column":30}},"55":{"start":{"line":49,"column":12},"end":{"line":49,"column":18}},"56":{"start":{"line":52,"column":12},"end":{"line":56,"column":15}},"57":{"start":{"line":57,"column":12},"end":{"line":57,"column":30}},"58":{"start":{"line":58,"column":12},"end":{"line":58,"column":41}},"59":{"start":{"line":61,"column":12},"end":{"line":61,"column":49}},"60":{"start":{"line":65,"column":12},"end":{"line":65,"column":35}},"61":{"start":{"line":71,"column":2},"end":{"line":73,"column":4}},"62":{"start":{"line":72,"column":4},"end":{"line":72,"column":39}},"63":{"start":{"line":76,"column":0},"end":{"line":129,"column":5}},"64":{"start":{"line":77,"column":14},"end":{"line":124,"column":5}},"65":{"start":{"line":79,"column":4},"end":{"line":123,"column":34}},"66":{"start":{"line":80,"column":6},"end":{"line":122,"column":7}},"67":{"start":{"line":81,"column":8},"end":{"line":121,"column":9}},"68":{"start":{"line":84,"column":12},"end":{"line":84,"column":33}},"69":{"start":{"line":85,"column":12},"end":{"line":85,"column":31}},"70":{"start":{"line":86,"column":12},"end":{"line":86,"column":54}},"71":{"start":{"line":89,"column":12},"end":{"line":89,"column":40}},"72":{"start":{"line":90,"column":12},"end":{"line":90,"column":43}},"73":{"start":{"line":92,"column":12},"end":{"line":95,"column":13}},"74":{"start":{"line":93,"column":14},"end":{"line":93,"column":33}},"75":{"start":{"line":94,"column":14},"end":{"line":94,"column":20}},"76":{"start":{"line":97,"column":12},"end":{"line":97,"column":111}},"77":{"start":{"line":100,"column":12},"end":{"line":100,"column":31}},"78":{"start":{"line":101,"column":12},"end":{"line":101,"column":32}},"79":{"start":{"line":102,"column":12},"end":{"line":102,"column":63}},"80":{"start":{"line":105,"column":12},"end":{"line":105,"column":44}},"81":{"start":{"line":106,"column":12},"end":{"line":109,"column":15}},"82":{"start":{"line":110,"column":12},"end":{"line":110,"column":32}},"83":{"start":{"line":111,"column":12},"end":{"line":111,"column":18}},"84":{"start":{"line":114,"column":12},"end":{"line":114,"column":32}},"85":{"start":{"line":115,"column":12},"end":{"line":115,"column":49}},"86":{"start":{"line":116,"column":12},"end":{"line":116,"column":54}},"87":{"start":{"line":120,"column":12},"end":{"line":120,"column":36}},"88":{"start":{"line":126,"column":2},"end":{"line":128,"column":4}},"89":{"start":{"line":127,"column":4},"end":{"line":127,"column":40}},"90":{"start":{"line":131,"column":0},"end":{"line":183,"column":5}},"91":{"start":{"line":132,"column":14},"end":{"line":178,"column":5}},"92":{"start":{"line":134,"column":4},"end":{"line":177,"column":34}},"93":{"start":{"line":135,"column":6},"end":{"line":176,"column":7}},"94":{"start":{"line":136,"column":8},"end":{"line":175,"column":9}},"95":{"start":{"line":139,"column":12},"end":{"line":139,"column":33}},"96":{"start":{"line":140,"column":12},"end":{"line":140,"column":31}},"97":{"start":{"line":141,"column":12},"end":{"line":141,"column":54}},"98":{"start":{"line":144,"column":12},"end":{"line":144,"column":40}},"99":{"start":{"line":145,"column":12},"end":{"line":145,"column":43}},"100":{"start":{"line":147,"column":12},"end":{"line":150,"column":13}},"101":{"start":{"line":148,"column":14},"end":{"line":148,"column":33}},"102":{"start":{"line":149,"column":14},"end":{"line":149,"column":20}},"103":{"start":{"line":152,"column":12},"end":{"line":152,"column":111}},"104":{"start":{"line":155,"column":12},"end":{"line":155,"column":31}},"105":{"start":{"line":156,"column":12},"end":{"line":156,"column":32}},"106":{"start":{"line":157,"column":12},"end":{"line":157,"column":46}},"107":{"start":{"line":160,"column":12},"end":{"line":160,"column":44}},"108":{"start":{"line":161,"column":12},"end":{"line":163,"column":15}},"109":{"start":{"line":164,"column":12},"end":{"line":164,"column":32}},"110":{"start":{"line":165,"column":12},"end":{"line":165,"column":18}},"111":{"start":{"line":168,"column":12},"end":{"line":168,"column":32}},"112":{"start":{"line":169,"column":12},"end":{"line":169,"column":49}},"113":{"start":{"line":170,"column":12},"end":{"line":170,"column":54}},"114":{"start":{"line":174,"column":12},"end":{"line":174,"column":36}},"115":{"start":{"line":180,"column":2},"end":{"line":182,"column":4}},"116":{"start":{"line":181,"column":4},"end":{"line":181,"column":40}},"117":{"start":{"line":185,"column":0},"end":{"line":252,"column":5}},"118":{"start":{"line":186,"column":14},"end":{"line":247,"column":5}},"119":{"start":{"line":188,"column":4},"end":{"line":246,"column":34}},"120":{"start":{"line":189,"column":6},"end":{"line":245,"column":7}},"121":{"start":{"line":190,"column":8},"end":{"line":244,"column":9}},"122":{"start":{"line":193,"column":12},"end":{"line":193,"column":33}},"123":{"start":{"line":194,"column":12},"end":{"line":194,"column":31}},"124":{"start":{"line":195,"column":12},"end":{"line":195,"column":54}},"125":{"start":{"line":198,"column":12},"end":{"line":198,"column":40}},"126":{"start":{"line":199,"column":12},"end":{"line":199,"column":43}},"127":{"start":{"line":201,"column":12},"end":{"line":204,"column":13}},"128":{"start":{"line":202,"column":14},"end":{"line":202,"column":33}},"129":{"start":{"line":203,"column":14},"end":{"line":203,"column":20}},"130":{"start":{"line":206,"column":12},"end":{"line":206,"column":111}},"131":{"start":{"line":209,"column":12},"end":{"line":211,"column":15}},"132":{"start":{"line":212,"column":12},"end":{"line":212,"column":31}},"133":{"start":{"line":214,"column":12},"end":{"line":217,"column":13}},"134":{"start":{"line":215,"column":14},"end":{"line":215,"column":34}},"135":{"start":{"line":216,"column":14},"end":{"line":216,"column":20}},"136":{"start":{"line":219,"column":12},"end":{"line":221,"column":15}},"137":{"start":{"line":222,"column":12},"end":{"line":222,"column":32}},"138":{"start":{"line":223,"column":12},"end":{"line":223,"column":18}},"139":{"start":{"line":226,"column":12},"end":{"line":226,"column":32}},"140":{"start":{"line":227,"column":12},"end":{"line":227,"column":43}},"141":{"start":{"line":230,"column":12},"end":{"line":230,"column":65}},"142":{"start":{"line":233,"column":12},"end":{"line":233,"column":32}},"143":{"start":{"line":234,"column":12},"end":{"line":234,"column":18}},"144":{"start":{"line":237,"column":12},"end":{"line":237,"column":32}},"145":{"start":{"line":238,"column":12},"end":{"line":238,"column":49}},"146":{"start":{"line":239,"column":12},"end":{"line":239,"column":54}},"147":{"start":{"line":243,"column":12},"end":{"line":243,"column":36}},"148":{"start":{"line":249,"column":2},"end":{"line":251,"column":4}},"149":{"start":{"line":250,"column":4},"end":{"line":250,"column":40}},"150":{"start":{"line":254,"column":15},"end":{"line":254,"column":32}},"151":{"start":{"line":255,"column":0},"end":{"line":255,"column":30}}},"fnMap":{"0":{"name":"_interopRequireDefault","decl":{"start":{"line":14,"column":9},"end":{"line":14,"column":31}},"loc":{"start":{"line":14,"column":37},"end":{"line":14,"column":97}},"line":14},"1":{"name":"asyncGeneratorStep","decl":{"start":{"line":16,"column":9},"end":{"line":16,"column":27}},"loc":{"start":{"line":16,"column":75},"end":{"line":16,"column":265}},"line":16},"2":{"name":"_asyncToGenerator","decl":{"start":{"line":18,"column":9},"end":{"line":18,"column":26}},"loc":{"start":{"line":18,"column":31},"end":{"line":18,"column":389}},"line":18},"3":{"name":"(anonymous_3)","decl":{"start":{"line":18,"column":40},"end":{"line":18,"column":41}},"loc":{"start":{"line":18,"column":52},"end":{"line":18,"column":386}},"line":18},"4":{"name":"(anonymous_4)","decl":{"start":{"line":18,"column":108},"end":{"line":18,"column":109}},"loc":{"start":{"line":18,"column":135},"end":{"line":18,"column":382}},"line":18},"5":{"name":"_next","decl":{"start":{"line":18,"column":178},"end":{"line":18,"column":183}},"loc":{"start":{"line":18,"column":191},"end":{"line":18,"column":266}},"line":18},"6":{"name":"_throw","decl":{"start":{"line":18,"column":276},"end":{"line":18,"column":282}},"loc":{"start":{"line":18,"column":288},"end":{"line":18,"column":362}},"line":18},"7":{"name":"_defineProperties","decl":{"start":{"line":20,"column":9},"end":{"line":20,"column":26}},"loc":{"start":{"line":20,"column":42},"end":{"line":20,"column":317}},"line":20},"8":{"name":"_createClass","decl":{"start":{"line":22,"column":9},"end":{"line":22,"column":21}},"loc":{"start":{"line":22,"column":60},"end":{"line":22,"column":285}},"line":22},"9":{"name":"_classCallCheck","decl":{"start":{"line":24,"column":9},"end":{"line":24,"column":24}},"loc":{"start":{"line":24,"column":48},"end":{"line":24,"column":153}},"line":24},"10":{"name":"_defineProperty","decl":{"start":{"line":26,"column":9},"end":{"line":26,"column":24}},"loc":{"start":{"line":26,"column":42},"end":{"line":26,"column":209}},"line":26},"11":{"name":"ContactController","decl":{"start":{"line":28,"column":59},"end":{"line":28,"column":76}},"loc":{"start":{"line":28,"column":79},"end":{"line":30,"column":1}},"line":28},"12":{"name":"(anonymous_12)","decl":{"start":{"line":32,"column":63},"end":{"line":32,"column":64}},"loc":{"start":{"line":32,"column":75},"end":{"line":74,"column":1}},"line":32},"13":{"name":"_callee","decl":{"start":{"line":33,"column":78},"end":{"line":33,"column":85}},"loc":{"start":{"line":33,"column":96},"end":{"line":69,"column":3}},"line":33},"14":{"name":"_callee$","decl":{"start":{"line":36,"column":44},"end":{"line":36,"column":52}},"loc":{"start":{"line":36,"column":63},"end":{"line":68,"column":5}},"line":36},"15":{"name":"(anonymous_15)","decl":{"start":{"line":71,"column":9},"end":{"line":71,"column":10}},"loc":{"start":{"line":71,"column":28},"end":{"line":73,"column":3}},"line":71},"16":{"name":"(anonymous_16)","decl":{"start":{"line":76,"column":68},"end":{"line":76,"column":69}},"loc":{"start":{"line":76,"column":80},"end":{"line":129,"column":1}},"line":76},"17":{"name":"_callee2","decl":{"start":{"line":77,"column":79},"end":{"line":77,"column":87}},"loc":{"start":{"line":77,"column":98},"end":{"line":124,"column":3}},"line":77},"18":{"name":"_callee2$","decl":{"start":{"line":79,"column":44},"end":{"line":79,"column":53}},"loc":{"start":{"line":79,"column":65},"end":{"line":123,"column":5}},"line":79},"19":{"name":"(anonymous_19)","decl":{"start":{"line":126,"column":9},"end":{"line":126,"column":10}},"loc":{"start":{"line":126,"column":29},"end":{"line":128,"column":3}},"line":126},"20":{"name":"(anonymous_20)","decl":{"start":{"line":131,"column":65},"end":{"line":131,"column":66}},"loc":{"start":{"line":131,"column":77},"end":{"line":183,"column":1}},"line":131},"21":{"name":"_callee3","decl":{"start":{"line":132,"column":79},"end":{"line":132,"column":87}},"loc":{"start":{"line":132,"column":98},"end":{"line":178,"column":3}},"line":132},"22":{"name":"_callee3$","decl":{"start":{"line":134,"column":44},"end":{"line":134,"column":53}},"loc":{"start":{"line":134,"column":65},"end":{"line":177,"column":5}},"line":134},"23":{"name":"(anonymous_23)","decl":{"start":{"line":180,"column":9},"end":{"line":180,"column":10}},"loc":{"start":{"line":180,"column":29},"end":{"line":182,"column":3}},"line":180},"24":{"name":"(anonymous_24)","decl":{"start":{"line":185,"column":65},"end":{"line":185,"column":66}},"loc":{"start":{"line":185,"column":77},"end":{"line":252,"column":1}},"line":185},"25":{"name":"_callee4","decl":{"start":{"line":186,"column":79},"end":{"line":186,"column":87}},"loc":{"start":{"line":186,"column":98},"end":{"line":247,"column":3}},"line":186},"26":{"name":"_callee4$","decl":{"start":{"line":188,"column":44},"end":{"line":188,"column":53}},"loc":{"start":{"line":188,"column":65},"end":{"line":246,"column":5}},"line":188},"27":{"name":"(anonymous_27)","decl":{"start":{"line":249,"column":9},"end":{"line":249,"column":10}},"loc":{"start":{"line":249,"column":29},"end":{"line":251,"column":3}},"line":249}},"branchMap":{"0":{"loc":{"start":{"line":14,"column":46},"end":{"line":14,"column":94}},"type":"cond-expr","locations":[{"start":{"line":14,"column":70},"end":{"line":14,"column":73}},{"start":{"line":14,"column":76},"end":{"line":14,"column":94}}],"line":14},"1":{"loc":{"start":{"line":14,"column":46},"end":{"line":14,"column":67}},"type":"binary-expr","locations":[{"start":{"line":14,"column":46},"end":{"line":14,"column":49}},{"start":{"line":14,"column":53},"end":{"line":14,"column":67}}],"line":14},"2":{"loc":{"start":{"line":16,"column":176},"end":{"line":16,"column":263}},"type":"if","locations":[{"start":{"line":16,"column":176},"end":{"line":16,"column":263}},{"start":{"line":16,"column":176},"end":{"line":16,"column":263}}],"line":16},"3":{"loc":{"start":{"line":20,"column":136},"end":{"line":20,"column":166}},"type":"binary-expr","locations":[{"start":{"line":20,"column":136},"end":{"line":20,"column":157}},{"start":{"line":20,"column":161},"end":{"line":20,"column":166}}],"line":20},"4":{"loc":{"start":{"line":20,"column":200},"end":{"line":20,"column":254}},"type":"if","locations":[{"start":{"line":20,"column":200},"end":{"line":20,"column":254}},{"start":{"line":20,"column":200},"end":{"line":20,"column":254}}],"line":20},"5":{"loc":{"start":{"line":22,"column":62},"end":{"line":22,"column":131}},"type":"if","locations":[{"start":{"line":22,"column":62},"end":{"line":22,"column":131}},{"start":{"line":22,"column":62},"end":{"line":22,"column":131}}],"line":22},"6":{"loc":{"start":{"line":22,"column":132},"end":{"line":22,"column":193}},"type":"if","locations":[{"start":{"line":22,"column":132},"end":{"line":22,"column":193}},{"start":{"line":22,"column":132},"end":{"line":22,"column":193}}],"line":22},"7":{"loc":{"start":{"line":24,"column":50},"end":{"line":24,"column":151}},"type":"if","locations":[{"start":{"line":24,"column":50},"end":{"line":24,"column":151}},{"start":{"line":24,"column":50},"end":{"line":24,"column":151}}],"line":24},"8":{"loc":{"start":{"line":26,"column":44},"end":{"line":26,"column":195}},"type":"if","locations":[{"start":{"line":26,"column":44},"end":{"line":26,"column":195}},{"start":{"line":26,"column":44},"end":{"line":26,"column":195}}],"line":26},"9":{"loc":{"start":{"line":38,"column":8},"end":{"line":66,"column":9}},"type":"switch","locations":[{"start":{"line":39,"column":10},"end":{"line":49,"column":18}},{"start":{"line":51,"column":10},"end":{"line":58,"column":41}},{"start":{"line":60,"column":10},"end":{"line":61,"column":49}},{"start":{"line":63,"column":10},"end":{"line":63,"column":17}},{"start":{"line":64,"column":10},"end":{"line":65,"column":35}}],"line":38},"10":{"loc":{"start":{"line":42,"column":12},"end":{"line":45,"column":13}},"type":"if","locations":[{"start":{"line":42,"column":12},"end":{"line":45,"column":13}},{"start":{"line":42,"column":12},"end":{"line":45,"column":13}}],"line":42},"11":{"loc":{"start":{"line":81,"column":8},"end":{"line":121,"column":9}},"type":"switch","locations":[{"start":{"line":82,"column":10},"end":{"line":86,"column":54}},{"start":{"line":88,"column":10},"end":{"line":97,"column":111}},{"start":{"line":99,"column":10},"end":{"line":102,"column":63}},{"start":{"line":104,"column":10},"end":{"line":111,"column":18}},{"start":{"line":113,"column":10},"end":{"line":116,"column":54}},{"start":{"line":118,"column":10},"end":{"line":118,"column":18}},{"start":{"line":119,"column":10},"end":{"line":120,"column":36}}],"line":81},"12":{"loc":{"start":{"line":92,"column":12},"end":{"line":95,"column":13}},"type":"if","locations":[{"start":{"line":92,"column":12},"end":{"line":95,"column":13}},{"start":{"line":92,"column":12},"end":{"line":95,"column":13}}],"line":92},"13":{"loc":{"start":{"line":136,"column":8},"end":{"line":175,"column":9}},"type":"switch","locations":[{"start":{"line":137,"column":10},"end":{"line":141,"column":54}},{"start":{"line":143,"column":10},"end":{"line":152,"column":111}},{"start":{"line":154,"column":10},"end":{"line":157,"column":46}},{"start":{"line":159,"column":10},"end":{"line":165,"column":18}},{"start":{"line":167,"column":10},"end":{"line":170,"column":54}},{"start":{"line":172,"column":10},"end":{"line":172,"column":18}},{"start":{"line":173,"column":10},"end":{"line":174,"column":36}}],"line":136},"14":{"loc":{"start":{"line":147,"column":12},"end":{"line":150,"column":13}},"type":"if","locations":[{"start":{"line":147,"column":12},"end":{"line":150,"column":13}},{"start":{"line":147,"column":12},"end":{"line":150,"column":13}}],"line":147},"15":{"loc":{"start":{"line":190,"column":8},"end":{"line":244,"column":9}},"type":"switch","locations":[{"start":{"line":191,"column":10},"end":{"line":195,"column":54}},{"start":{"line":197,"column":10},"end":{"line":206,"column":111}},{"start":{"line":208,"column":10},"end":{"line":223,"column":18}},{"start":{"line":225,"column":10},"end":{"line":227,"column":43}},{"start":{"line":229,"column":10},"end":{"line":230,"column":65}},{"start":{"line":232,"column":10},"end":{"line":234,"column":18}},{"start":{"line":236,"column":10},"end":{"line":239,"column":54}},{"start":{"line":241,"column":10},"end":{"line":241,"column":18}},{"start":{"line":242,"column":10},"end":{"line":243,"column":36}}],"line":190},"16":{"loc":{"start":{"line":201,"column":12},"end":{"line":204,"column":13}},"type":"if","locations":[{"start":{"line":201,"column":12},"end":{"line":204,"column":13}},{"start":{"line":201,"column":12},"end":{"line":204,"column":13}}],"line":201},"17":{"loc":{"start":{"line":214,"column":12},"end":{"line":217,"column":13}},"type":"if","locations":[{"start":{"line":214,"column":12},"end":{"line":217,"column":13}},{"start":{"line":214,"column":12},"end":{"line":217,"column":13}}],"line":214}},"s":{"0":1,"1":1,"2":1,"3":1,"4":1,"5":2,"6":0,"7":0,"8":0,"9":0,"10":0,"11":0,"12":0,"13":0,"14":4,"15":0,"16":0,"17":0,"18":0,"19":0,"20":0,"21":0,"22":0,"23":0,"24":0,"25":0,"26":0,"27":0,"28":0,"29":0,"30":1,"31":0,"32":1,"33":0,"34":1,"35":1,"36":0,"37":0,"38":4,"39":0,"40":4,"41":4,"42":1,"43":0,"44":1,"45":1,"46":0,"47":0,"48":0,"49":0,"50":0,"51":0,"52":0,"53":0,"54":0,"55":0,"56":0,"57":0,"58":0,"59":0,"60":0,"61":1,"62":0,"63":1,"64":1,"65":0,"66":0,"67":0,"68":0,"69":0,"70":0,"71":0,"72":0,"73":0,"74":0,"75":0,"76":0,"77":0,"78":0,"79":0,"80":0,"81":0,"82":0,"83":0,"84":0,"85":0,"86":0,"87":0,"88":1,"89":0,"90":1,"91":1,"92":0,"93":0,"94":0,"95":0,"96":0,"97":0,"98":0,"99":0,"100":0,"101":0,"102":0,"103":0,"104":0,"105":0,"106":0,"107":0,"108":0,"109":0,"110":0,"111":0,"112":0,"113":0,"114":0,"115":1,"116":0,"117":1,"118":1,"119":0,"120":0,"121":0,"122":0,"123":0,"124":0,"125":0,"126":0,"127":0,"128":0,"129":0,"130":0,"131":0,"132":0,"133":0,"134":0,"135":0,"136":0,"137":0,"138":0,"139":0,"140":0,"141":0,"142":0,"143":0,"144":0,"145":0,"146":0,"147":0,"148":1,"149":0,"150":1,"151":1},"f":{"0":2,"1":0,"2":4,"3":0,"4":0,"5":0,"6":0,"7":0,"8":1,"9":0,"10":4,"11":0,"12":1,"13":0,"14":0,"15":0,"16":1,"17":0,"18":0,"19":0,"20":1,"21":0,"22":0,"23":0,"24":1,"25":0,"26":0,"27":0},"b":{"0":[0,2],"1":[2,2],"2":[0,0],"3":[0,0],"4":[0,0],"5":[0,1],"6":[0,1],"7":[0,0],"8":[0,4],"9":[0,0,0,0,0],"10":[0,0],"11":[0,0,0,0,0,0,0],"12":[0,0],"13":[0,0,0,0,0,0,0],"14":[0,0],"15":[0,0,0,0,0,0,0,0,0],"16":[0,0],"17":[0,0]},"inputSourceMap":{"version":3,"sources":["contact.js"],"names":["ContactController","req","res","body","error","status","send","details","message","ContactMessage","Message","name","trim","email","save","userId","user","id","User","findById","loggedUser","userRole","params","json","find","findOne","_id","remove"],"mappings":";;;;;;;AAKA;;AACA;;AACA;;;;;;;;;;;;;;;;IAGMA,iB;;;;gBAAAA,iB;qEACgB,iBAAMC,GAAN,EAAUC,GAAV;AAAA;;AAAA;AAAA;AAAA;AAAA;AAAA,oCAEF,8CAAsBD,GAAG,CAACE,IAA1B,CAFE,EAEXC,KAFW,yBAEXA,KAFW;;AAAA,iBAGfA,KAHe;AAAA;AAAA;AAAA;;AAIdF,YAAAA,GAAG,CAACG,MAAJ,CAAW,GAAX,EAAgBC,IAAhB,CAAqBF,KAAK,CAACG,OAAN,CAAc,CAAd,EAAiBC,OAAtC;AAJc;AAAA;;AAAA;AAQZC,YAAAA,cARY,GAQK,IAAIC,mBAAJ,CAAY;AAC/B,sBAAOT,GAAG,CAACE,IAAJ,CAASQ,IAAT,CAAcC,IAAd,EADwB;AAE/B,uBAAQX,GAAG,CAACE,IAAJ,CAASU,KAAT,CAAeD,IAAf,EAFuB;AAG/B,yBAAUX,GAAG,CAACE,IAAJ,CAASK,OAAT,CAAiBI,IAAjB;AAHqB,aAAZ,CARL;AAAA;AAAA,mBAaZH,cAAc,CAACK,IAAf,EAbY;;AAAA;AAclBZ,YAAAA,GAAG,CAACG,MAAJ,CAAW,GAAX,EAAgBC,IAAhB,CAAqBG,cAArB;;AAdkB;AAAA;AAAA;AAAA;AAAA;AAAA;AAAA,G;;;;;;;gBADhBT,iB;sEAsBqB,kBAAOC,GAAP,EAAWC,GAAX;AAAA;AAAA;AAAA;AAAA;AAAA;AACrB;AACGa,YAAAA,MAFkB,GAETd,GAAG,CAACe,IAAJ,CAASC,EAFA;AAAA;AAAA,mBAGGC,kBAAKC,QAAL,CAAcJ,MAAd,CAHH;;AAAA;AAGhBK,YAAAA,UAHgB;AAIhBC,YAAAA,QAJgB,GAILD,UAAU,CAACC,QAJN;;AAAA,kBAMnBA,QAAQ,IAAI,MANO;AAAA;AAAA;AAAA;;AAAA,8CAMQnB,GAAG,CAACG,MAAJ,CAAW,GAAX,EAAgBC,IAAhB,CAAqB,yCAArB,CANR;;AAAA;AAAA;AAAA;AAAA,mBAQMI,oBAAQS,QAAR,CAAiBlB,GAAG,CAACqB,MAAJ,CAAWL,EAA5B,CARN;;AAAA;AAQjBR,YAAAA,cARiB;AASvBP,YAAAA,GAAG,CAACG,MAAJ,CAAW,GAAX,EAAgBkB,IAAhB,CAAqB;AAACf,cAAAA,OAAO,EAAC,6BAAT;AAAuCC,cAAAA,cAAc,EAAdA;AAAvC,aAArB;AATuB;AAAA;;AAAA;AAAA;AAAA;AAWnBP,YAAAA,GAAG,CAACG,MAAJ,CAAW,GAAX,EAAgBC,IAAhB,CAAqB,mBAArB;;AAXmB;AAAA;AAAA;AAAA;AAAA;AAAA;AAAA,G;;;;;;;gBAtBrBN,iB;sEAuCiB,kBAAOC,GAAP,EAAWC,GAAX;AAAA;AAAA;AAAA;AAAA;AAAA;AAEnB;AACKa,YAAAA,MAHc,GAGLd,GAAG,CAACe,IAAJ,CAASC,EAHJ;AAAA;AAAA,mBAIOC,kBAAKC,QAAL,CAAcJ,MAAd,CAJP;;AAAA;AAIZK,YAAAA,UAJY;AAKZC,YAAAA,QALY,GAKDD,UAAU,CAACC,QALV;;AAAA,kBAOfA,QAAQ,IAAI,MAPG;AAAA;AAAA;AAAA;;AAAA,8CAOYnB,GAAG,CAACG,MAAJ,CAAW,GAAX,EAAgBC,IAAhB,CAAqB,yCAArB,CAPZ;;AAAA;AAAA;AAAA;AAAA,mBAWUI,oBAAQc,IAAR,EAXV;;AAAA;AAWbf,YAAAA,cAXa;AAYnBP,YAAAA,GAAG,CAACG,MAAJ,CAAW,GAAX,EAAgBC,IAAhB,CAAqB;AAACG,cAAAA,cAAc,EAAdA;AAAD,aAArB;AAZmB;AAAA;;AAAA;AAAA;AAAA;AAcfP,YAAAA,GAAG,CAACG,MAAJ,CAAW,GAAX,EAAgBC,IAAhB,CAAqB,mBAArB;;AAde;AAAA;AAAA;AAAA;AAAA;AAAA;AAAA,G;;;;;;;gBAvCjBN,iB;sEA4DiB,kBAAOC,GAAP,EAAWC,GAAX;AAAA;AAAA;AAAA;AAAA;AAAA;AACjB;AACIa,YAAAA,MAFa,GAEJd,GAAG,CAACe,IAAJ,CAASC,EAFL;AAAA;AAAA,mBAGQC,kBAAKC,QAAL,CAAcJ,MAAd,CAHR;;AAAA;AAGXK,YAAAA,UAHW;AAIXC,YAAAA,QAJW,GAIAD,UAAU,CAACC,QAJX;;AAAA,kBAKdA,QAAQ,IAAI,MALE;AAAA;AAAA;AAAA;;AAAA,8CAKanB,GAAG,CAACG,MAAJ,CAAW,GAAX,EAAgBC,IAAhB,CAAqB,yCAArB,CALb;;AAAA;AAQbG,YAAAA,cARa,GAQIC,oBAAQe,OAAR,CAAgB;AAACC,cAAAA,GAAG,EAACzB,GAAG,CAACqB,MAAJ,CAAWL;AAAhB,aAAhB,CARJ;AAAA;;AAAA,gBAWdR,cAXc;AAAA;AAAA;AAAA;;AAYfP,YAAAA,GAAG,CAACI,IAAJ,CAAS;AAAEE,cAAAA,OAAO,EAAE;AAAX,aAAT;AAZe;AAAA;;AAAA;AAAA;AAAA,mBAoBbC,cAAc,CAACkB,MAAf,EApBa;;AAAA;AAqBnBzB,YAAAA,GAAG,CAACG,MAAJ,CAAW,GAAX,EAAgBC,IAAhB,CAAqB,8BAArB;;AArBmB;AAAA;AAAA;;AAAA;AAAA;AAAA;AAuBfJ,YAAAA,GAAG,CAACG,MAAJ,CAAW,GAAX,EAAgBC,IAAhB,CAAqB,mBAArB;;AAvBe;AAAA;AAAA;AAAA;AAAA;AAAA;AAAA,G;;;;;;;eA2BRN,iB","sourceRoot":"/Users/andela/Desktop/Andela/mybrandbackend/src/controller/","sourcesContent":["// const Message = require(\"../models/contact\")\n// const {contactFormValidation} = require(\"../middleware/contactMiddleware\")\n// const verify = require(\"../middleware/authenticator\")\n// const User = require(\"../models/users\")\n\nimport Message from \"../models/contact.js\"\nimport {contactFormValidation} from \"../middleware/contactMiddleware.js\"\nimport User from \"../models/users.js\" \n\n\nclass ContactController{\n static sendMessage = async(req,res)=>{\n\n    const {error} = contactFormValidation(req.body)\n    if(error){\n        res.status(400).send(error.details[0].message)\n    }\n    else{\n\n    const ContactMessage = new Message({\n        \"name\":req.body.name.trim(),\n        \"email\":req.body.email.trim(),\n        \"message\":req.body.message.trim()\n    })\n    await ContactMessage.save()\n    res.status(200).send(ContactMessage)\n\n}}\n\n              // view single messages\n\n\nstatic GetsingleMessage =  async (req,res)=>{\n      //verify if users is admin\n     let userId = req.user.id\n     const loggedUser = await User.findById(userId);\n     const userRole = loggedUser.userRole;\n\n     if(userRole == \"user\") return res.status(401).send(\"you are not allowed to access this page\")\n    try{\n    const ContactMessage = await Message.findById(req.params.id)\n    res.status(200).json({message:\"Message recieved succesfuly\",ContactMessage})\n    }catch{\n        res.status(404).send(\"message not found\")\n    }\n}\n\n          // liste of all messages\n          \nstatic GetAllMessage = async (req,res)=>{\n\n    //verify if users is admin\n     let userId = req.user.id\n     const loggedUser = await User.findById(userId);\n     const userRole = loggedUser.userRole;\n\n     if(userRole == \"user\") return res.status(401).send(\"you are not allowed to access this page\")\n\n\n    try{\n    const ContactMessage = await Message.find()\n    res.status(200).send({ContactMessage})\n    }catch{\n        res.status(404).send(\"message not found\")\n    }\n}\n\n\n     //deleting a post     \n\nstatic DeleteMessage = async (req,res)=>{\n      //verify if users is admin\n      let userId = req.user.id\n      const loggedUser = await User.findById(userId);\n      const userRole = loggedUser.userRole;\n      if(userRole == \"user\") return res.status(401).send(\"you are not allowed to access this page\")\n      \n   \n    const ContactMessage = Message.findOne({_id:req.params.id})\n    try{\n\n    if (!ContactMessage) {\n        res.send({ message: \"Message not found\" });\n      } else {\n\n\n\n\n\n    \n    await ContactMessage.remove()\n    res.status(200).send(\"message deleted successfully\")\n    }}catch{\n        res.status(404).send(\"message not found\")\n    }}\n}\n\nexport default ContactController"]},"_coverageSchema":"1a1c01bbd47fc00a2c39e90264f33305004495a9","hash":"5c8d4e71a11b1cd43df79da6c36fddac41408f37","contentHash":"6cfee2a5f01ff3464f3a50aef2e1ea3df39b7e07ce2f3aa4f44d426edbbba7dd"},"/Users/andela/Desktop/Andela/mybrandbackend/src/models/contact.js":{"path":"/Users/andela/Desktop/Andela/mybrandbackend/src/models/contact.js","statementMap":{"0":{"start":{"line":3,"column":16},"end":{"line":3,"column":59}},"1":{"start":{"line":5,"column":39},"end":{"line":5,"column":95}},"2":{"start":{"line":8,"column":13},"end":{"line":8,"column":40}},"3":{"start":{"line":9,"column":20},"end":{"line":32,"column":2}},"4":{"start":{"line":34,"column":14},"end":{"line":34,"column":66}},"5":{"start":{"line":36,"column":0},"end":{"line":36,"column":25}}},"fnMap":{"0":{"name":"_interopRequireDefault","decl":{"start":{"line":5,"column":9},"end":{"line":5,"column":31}},"loc":{"start":{"line":5,"column":37},"end":{"line":5,"column":97}},"line":5}},"branchMap":{"0":{"loc":{"start":{"line":5,"column":46},"end":{"line":5,"column":94}},"type":"cond-expr","locations":[{"start":{"line":5,"column":70},"end":{"line":5,"column":73}},{"start":{"line":5,"column":76},"end":{"line":5,"column":94}}],"line":5},"1":{"loc":{"start":{"line":5,"column":46},"end":{"line":5,"column":67}},"type":"binary-expr","locations":[{"start":{"line":5,"column":46},"end":{"line":5,"column":49}},{"start":{"line":5,"column":53},"end":{"line":5,"column":67}}],"line":5}},"s":{"0":1,"1":1,"2":1,"3":1,"4":1,"5":1},"f":{"0":1},"b":{"0":[0,1],"1":[1,1]},"inputSourceMap":{"version":3,"sources":["contact.js"],"names":["Schema","mongoose","MessageSchema","name","type","required","min","max","email","message","createDate","Date","now","Message","model","module","exports"],"mappings":";;AACA;;;;AADA;AAEA,IAAMA,MAAM,GAAGC,qBAASD,MAAxB;AAEA,IAAME,aAAa,GAAG,IAAIF,MAAJ,CAAW;AAC7BG,EAAAA,IAAI,EAAC;AACDC,IAAAA,IAAI,EAAE,QADL;AAEDC,IAAAA,QAAQ,EAAE,IAFT;AAGDC,IAAAA,GAAG,EAAC,CAHH;AAIDC,IAAAA,GAAG,EAAE;AAJJ,GADwB;AAQ7BC,EAAAA,KAAK,EAAC;AACFJ,IAAAA,IAAI,EAAE,QADJ;AAEFC,IAAAA,QAAQ,EAAE,IAFR;AAGFC,IAAAA,GAAG,EAAC,CAHF;AAIFC,IAAAA,GAAG,EAAE;AAJH,GARuB;AAe7BE,EAAAA,OAAO,EAAE;AACLL,IAAAA,IAAI,EAAE,QADD;AAELC,IAAAA,QAAQ,EAAE,IAFL;AAGLC,IAAAA,GAAG,EAAC,CAHC;AAILC,IAAAA,GAAG,EAAC;AAJC,GAfoB;AAqB7BG,EAAAA,UAAU,EAAC;AACPN,IAAAA,IAAI,EAAE,MADC;AAEP,eAASO,IAAI,CAACC,GAAL;AAFF;AArBkB,CAAX,CAAtB;;AA0BA,IAAMC,OAAO,GAAIZ,qBAASa,KAAT,CAAe,SAAf,EAA2BZ,aAA3B,CAAjB;;AAEAa,MAAM,CAACC,OAAP,GAAiBH,OAAjB","sourceRoot":"/Users/andela/Desktop/Andela/mybrandbackend/src/models/","sourcesContent":["// const mongoose = require(\"mongoose\")\nimport mongoose from 'mongoose';\nconst Schema = mongoose.Schema;\n\nconst MessageSchema = new Schema({\n    name:{\n        type: 'string',\n        required: true,\n        min:6,\n        max: 255\n\n    },\n    email:{\n        type: 'string',\n        required: true,\n        min:5,\n        max: 40\n\n    },\n    message: {\n        type: 'string',\n        required: true,\n        min:5,\n        max:150\n    },\n    createDate:{\n        type: 'date',\n        default: Date.now()\n    }\n});\nconst Message =  mongoose.model('Message' , MessageSchema)\n\nmodule.exports = Message;"]},"_coverageSchema":"1a1c01bbd47fc00a2c39e90264f33305004495a9","hash":"4ecc2498518998e8f32c8d8f33c0298fcaf9dcbf","contentHash":"7f9570ac02066a19ddf701df5f728b45c171a6a1ee88f4d32aebdcba9a6041ca"},"/Users/andela/Desktop/Andela/mybrandbackend/src/middleware/contactMiddleware.js":{"path":"/Users/andela/Desktop/Andela/mybrandbackend/src/middleware/contactMiddleware.js","statementMap":{"0":{"start":{"line":3,"column":11},"end":{"line":3,"column":55}},"1":{"start":{"line":5,"column":39},"end":{"line":5,"column":95}},"2":{"start":{"line":10,"column":28},"end":{"line":17,"column":1}},"3":{"start":{"line":11,"column":22},"end":{"line":15,"column":3}},"4":{"start":{"line":16,"column":2},"end":{"line":16,"column":58}},"5":{"start":{"line":19,"column":0},"end":{"line":19,"column":61}}},"fnMap":{"0":{"name":"_interopRequireDefault","decl":{"start":{"line":5,"column":9},"end":{"line":5,"column":31}},"loc":{"start":{"line":5,"column":37},"end":{"line":5,"column":97}},"line":5},"1":{"name":"contactFormValidation","decl":{"start":{"line":10,"column":37},"end":{"line":10,"column":58}},"loc":{"start":{"line":10,"column":68},"end":{"line":17,"column":1}},"line":10}},"branchMap":{"0":{"loc":{"start":{"line":5,"column":46},"end":{"line":5,"column":94}},"type":"cond-expr","locations":[{"start":{"line":5,"column":70},"end":{"line":5,"column":73}},{"start":{"line":5,"column":76},"end":{"line":5,"column":94}}],"line":5},"1":{"loc":{"start":{"line":5,"column":46},"end":{"line":5,"column":67}},"type":"binary-expr","locations":[{"start":{"line":5,"column":46},"end":{"line":5,"column":49}},{"start":{"line":5,"column":53},"end":{"line":5,"column":67}}],"line":5}},"s":{"0":1,"1":1,"2":1,"3":0,"4":0,"5":1},"f":{"0":1,"1":0},"b":{"0":[0,1],"1":[1,1]},"inputSourceMap":{"version":3,"sources":["contactMiddleware.js"],"names":["contactFormValidation","reqBody","contactSchema","name","joi","string","min","required","email","message","validate","module","exports"],"mappings":";;AAEA;;;;AAFA;AACA;AAIA;AACA,IAAMA,qBAAqB,GAAG,SAAxBA,qBAAwB,CAACC,OAAD,EAAY;AAC1C,MAAMC,aAAa,GAAG;AAClBC,IAAAA,IAAI,EAACC,gBAAIC,MAAJ,GAAaC,GAAb,CAAiB,CAAjB,EAAoBC,QAApB,EADa;AAElBC,IAAAA,KAAK,EAACJ,gBAAIC,MAAJ,GAAaG,KAAb,GAAqBD,QAArB,EAFY;AAGlBE,IAAAA,OAAO,EAACL,gBAAIC,MAAJ,GAAaC,GAAb,CAAiB,CAAjB,EAAoBC,QAApB;AAHU,GAAtB;AAKC,SAAOH,gBAAIM,QAAJ,CAAaT,OAAb,EAAsBC,aAAtB,CAAP;AACA,CAPD;;AAQAS,MAAM,CAACC,OAAP,CAAeZ,qBAAf,GAAuCA,qBAAvC","sourceRoot":"/Users/andela/Desktop/Andela/mybrandbackend/src/middleware/","sourcesContent":["//validation\n// const joi = require('@hapi/joi');\nimport joi from '@hapi/joi';\n\n\n//contact form validation\nconst contactFormValidation = (reqBody) =>{\nconst contactSchema = {\n    name:joi.string().min(4).required(),\n    email:joi.string().email().required(),\n    message:joi.string().min(4).required(),\n}\n return joi.validate(reqBody, contactSchema);\n}\nmodule.exports.contactFormValidation = contactFormValidation;\n\n"]},"_coverageSchema":"1a1c01bbd47fc00a2c39e90264f33305004495a9","hash":"6a20832142438da7ffba5276406cfe8b13ae238a","contentHash":"1d742089147b6e49ccb15c20b7d0a6a317e3d2deb2d5a83a13698b231ac30cb9"},"/Users/andela/Desktop/Andela/mybrandbackend/src/models/users.js":{"path":"/Users/andela/Desktop/Andela/mybrandbackend/src/models/users.js","statementMap":{"0":{"start":{"line":3,"column":16},"end":{"line":3,"column":59}},"1":{"start":{"line":5,"column":39},"end":{"line":5,"column":95}},"2":{"start":{"line":7,"column":77},"end":{"line":7,"column":175}},"3":{"start":{"line":7,"column":94},"end":{"line":7,"column":107}},"4":{"start":{"line":7,"column":121},"end":{"line":7,"column":131}},"5":{"start":{"line":7,"column":151},"end":{"line":7,"column":165}},"6":{"start":{"line":7,"column":166},"end":{"line":7,"column":173}},"7":{"start":{"line":7,"column":176},"end":{"line":7,"column":263}},"8":{"start":{"line":7,"column":193},"end":{"line":7,"column":208}},"9":{"start":{"line":7,"column":218},"end":{"line":7,"column":261}},"10":{"start":{"line":9,"column":33},"end":{"line":9,"column":387}},"11":{"start":{"line":9,"column":65},"end":{"line":9,"column":69}},"12":{"start":{"line":9,"column":78},"end":{"line":9,"column":87}},"13":{"start":{"line":9,"column":89},"end":{"line":9,"column":384}},"14":{"start":{"line":9,"column":147},"end":{"line":9,"column":167}},"15":{"start":{"line":9,"column":193},"end":{"line":9,"column":264}},"16":{"start":{"line":9,"column":290},"end":{"line":9,"column":360}},"17":{"start":{"line":9,"column":363},"end":{"line":9,"column":380}},"18":{"start":{"line":11,"column":13},"end":{"line":11,"column":40}},"19":{"start":{"line":13,"column":13},"end":{"line":13,"column":30}},"20":{"start":{"line":15,"column":17},"end":{"line":46,"column":2}},"21":{"start":{"line":47,"column":0},"end":{"line":77,"column":5}},"22":{"start":{"line":48,"column":13},"end":{"line":72,"column":5}},"23":{"start":{"line":50,"column":4},"end":{"line":71,"column":22}},"24":{"start":{"line":51,"column":6},"end":{"line":70,"column":7}},"25":{"start":{"line":52,"column":8},"end":{"line":69,"column":9}},"26":{"start":{"line":54,"column":12},"end":{"line":54,"column":30}},"27":{"start":{"line":55,"column":12},"end":{"line":55,"column":38}},"28":{"start":{"line":58,"column":12},"end":{"line":58,"column":33}},"29":{"start":{"line":59,"column":12},"end":{"line":59,"column":30}},"30":{"start":{"line":60,"column":12},"end":{"line":60,"column":56}},"31":{"start":{"line":63,"column":12},"end":{"line":63,"column":46}},"32":{"start":{"line":64,"column":12},"end":{"line":64,"column":19}},"33":{"start":{"line":68,"column":12},"end":{"line":68,"column":35}},"34":{"start":{"line":74,"column":2},"end":{"line":76,"column":4}},"35":{"start":{"line":75,"column":4},"end":{"line":75,"column":39}},"36":{"start":{"line":79,"column":11},"end":{"line":79,"column":57}},"37":{"start":{"line":81,"column":0},"end":{"line":81,"column":22}}},"fnMap":{"0":{"name":"_interopRequireDefault","decl":{"start":{"line":5,"column":9},"end":{"line":5,"column":31}},"loc":{"start":{"line":5,"column":37},"end":{"line":5,"column":97}},"line":5},"1":{"name":"asyncGeneratorStep","decl":{"start":{"line":7,"column":9},"end":{"line":7,"column":27}},"loc":{"start":{"line":7,"column":75},"end":{"line":7,"column":265}},"line":7},"2":{"name":"_asyncToGenerator","decl":{"start":{"line":9,"column":9},"end":{"line":9,"column":26}},"loc":{"start":{"line":9,"column":31},"end":{"line":9,"column":389}},"line":9},"3":{"name":"(anonymous_3)","decl":{"start":{"line":9,"column":40},"end":{"line":9,"column":41}},"loc":{"start":{"line":9,"column":52},"end":{"line":9,"column":386}},"line":9},"4":{"name":"(anonymous_4)","decl":{"start":{"line":9,"column":108},"end":{"line":9,"column":109}},"loc":{"start":{"line":9,"column":135},"end":{"line":9,"column":382}},"line":9},"5":{"name":"_next","decl":{"start":{"line":9,"column":178},"end":{"line":9,"column":183}},"loc":{"start":{"line":9,"column":191},"end":{"line":9,"column":266}},"line":9},"6":{"name":"_throw","decl":{"start":{"line":9,"column":276},"end":{"line":9,"column":282}},"loc":{"start":{"line":9,"column":288},"end":{"line":9,"column":362}},"line":9},"7":{"name":"(anonymous_7)","decl":{"start":{"line":47,"column":36},"end":{"line":47,"column":37}},"loc":{"start":{"line":47,"column":48},"end":{"line":77,"column":1}},"line":47},"8":{"name":"_callee","decl":{"start":{"line":48,"column":78},"end":{"line":48,"column":85}},"loc":{"start":{"line":48,"column":92},"end":{"line":72,"column":3}},"line":48},"9":{"name":"_callee$","decl":{"start":{"line":50,"column":44},"end":{"line":50,"column":52}},"loc":{"start":{"line":50,"column":63},"end":{"line":71,"column":5}},"line":50},"10":{"name":"(anonymous_10)","decl":{"start":{"line":74,"column":9},"end":{"line":74,"column":10}},"loc":{"start":{"line":74,"column":23},"end":{"line":76,"column":3}},"line":74}},"branchMap":{"0":{"loc":{"start":{"line":5,"column":46},"end":{"line":5,"column":94}},"type":"cond-expr","locations":[{"start":{"line":5,"column":70},"end":{"line":5,"column":73}},{"start":{"line":5,"column":76},"end":{"line":5,"column":94}}],"line":5},"1":{"loc":{"start":{"line":5,"column":46},"end":{"line":5,"column":67}},"type":"binary-expr","locations":[{"start":{"line":5,"column":46},"end":{"line":5,"column":49}},{"start":{"line":5,"column":53},"end":{"line":5,"column":67}}],"line":5},"2":{"loc":{"start":{"line":7,"column":176},"end":{"line":7,"column":263}},"type":"if","locations":[{"start":{"line":7,"column":176},"end":{"line":7,"column":263}},{"start":{"line":7,"column":176},"end":{"line":7,"column":263}}],"line":7},"3":{"loc":{"start":{"line":52,"column":8},"end":{"line":69,"column":9}},"type":"switch","locations":[{"start":{"line":53,"column":10},"end":{"line":55,"column":38}},{"start":{"line":57,"column":10},"end":{"line":60,"column":56}},{"start":{"line":62,"column":10},"end":{"line":64,"column":19}},{"start":{"line":66,"column":10},"end":{"line":66,"column":17}},{"start":{"line":67,"column":10},"end":{"line":68,"column":35}}],"line":52}},"s":{"0":1,"1":1,"2":0,"3":0,"4":0,"5":0,"6":0,"7":0,"8":0,"9":0,"10":1,"11":0,"12":0,"13":0,"14":0,"15":0,"16":0,"17":0,"18":1,"19":1,"20":1,"21":1,"22":1,"23":0,"24":0,"25":0,"26":0,"27":0,"28":0,"29":0,"30":0,"31":0,"32":0,"33":0,"34":1,"35":0,"36":1,"37":1},"f":{"0":1,"1":0,"2":1,"3":0,"4":0,"5":0,"6":0,"7":1,"8":0,"9":0,"10":0},"b":{"0":[0,1],"1":[1,1],"2":[0,0],"3":[0,0,0,0,0]},"inputSourceMap":{"version":3,"sources":["users.js"],"names":["Schema","mongoose","bcrypt","require","UserSchema","userName","type","required","min","max","userEmail","userPassword","userRole","CreatedDate","Date","now","UpdatedDate","pre","next","genSalt","salt","hash","User","model","module","exports"],"mappings":";;AACA;;;;;;;;AACA,IAAMA,MAAM,GAAGC,qBAASD,MAAxB;;AACA,IAAME,MAAM,GAAGC,OAAO,CAAC,QAAD,CAAtB;;AAEA,IAAMC,UAAU,GAAG,IAAIJ,MAAJ,CAAW;AAC1BK,EAAAA,QAAQ,EAAC;AACLC,IAAAA,IAAI,EAAE,QADD;AAELC,IAAAA,QAAQ,EAAE,IAFL;AAGLC,IAAAA,GAAG,EAAC,CAHC;AAILC,IAAAA,GAAG,EAAE;AAJA,GADiB;AAQ1BC,EAAAA,SAAS,EAAC;AACNJ,IAAAA,IAAI,EAAE,QADA;AAENC,IAAAA,QAAQ,EAAE,IAFJ;AAGNC,IAAAA,GAAG,EAAC,EAHE;AAINC,IAAAA,GAAG,EAAE;AAJC,GARgB;AAe1BE,EAAAA,YAAY,EAAC;AACTL,IAAAA,IAAI,EAAE,QADG;AAETC,IAAAA,QAAQ,EAAE,IAFD;AAGTC,IAAAA,GAAG,EAAC,CAHK;AAITC,IAAAA,GAAG,EAAC;AAJK,GAfa;AAqB1BG,EAAAA,QAAQ,EAAE;AACNN,IAAAA,IAAI,EAAE,QADA;AAEN,eAAQ;AAFF,GArBgB;AAyB1BO,EAAAA,WAAW,EAAC;AACRP,IAAAA,IAAI,EAAE,MADE;AAER,eAASQ,IAAI,CAACC,GAAL;AAFD,GAzBc;AA6B1BC,EAAAA,WAAW,EAAC;AACRV,IAAAA,IAAI,EAAE,MADE;AAER,eAASQ,IAAI,CAACC,GAAL;AAFD;AA7Bc,CAAX,CAAnB;AAmCAX,UAAU,CAACa,GAAX,CAAe,MAAf;AAAA,qEAAuB,iBAAeC,IAAf;AAAA;AAAA;AAAA;AAAA;AAAA;AAAA;AAAA,mBACJhB,MAAM,CAACiB,OAAP,CAAe,EAAf,CADI;;AAAA;AACjBC,YAAAA,IADiB;AAAA;AAAA,mBAEGlB,MAAM,CAACmB,IAAP,CAAY,KAAKV,YAAjB,EAA8BS,IAA9B,CAFH;;AAAA;AAEvB,iBAAKT,YAFkB;AAGvBO,YAAAA,IAAI;;AAHmB;AAAA;AAAA;AAAA;AAAA;AAAA;AAAA,GAAvB;;AAAA;AAAA;AAAA;AAAA;;AASA,IAAMI,IAAI,GAAIrB,qBAASsB,KAAT,CAAe,MAAf,EAAwBnB,UAAxB,CAAd;;AAEAoB,MAAM,CAACC,OAAP,GAAiBH,IAAjB","sourceRoot":"/Users/andela/Desktop/Andela/mybrandbackend/src/models/","sourcesContent":["// const mongoose = require(\"mongoose\")\nimport mongoose from 'mongoose';\nconst Schema = mongoose.Schema;\nconst bcrypt = require('bcrypt')\n\nconst UserSchema = new Schema({\n    userName:{\n        type: 'string',\n        required: true,\n        min:6,\n        max: 60\n\n    },\n    userEmail:{\n        type: 'string',\n        required: true,\n        min:50,\n        max: 300\n\n    },\n    userPassword:{\n        type: 'string',\n        required: true,\n        min:6,\n        max:12\n    },\n    userRole: {\n        type: 'string',\n        default:\"user\"\n    },\n    CreatedDate:{\n        type: 'date',\n        default: Date.now()\n    },\n    UpdatedDate:{\n        type: 'date',\n        default: Date.now()\n    }\n});\n\nUserSchema.pre('save', async function(next){\nconst salt = await bcrypt.genSalt(10);\nthis.userPassword = await bcrypt.hash(this.userPassword,salt)\nnext()\n});\n\n\n\n\nconst User =  mongoose.model('User' , UserSchema)\n\nmodule.exports = User;"]},"_coverageSchema":"1a1c01bbd47fc00a2c39e90264f33305004495a9","hash":"b8d33eb1170752ac54d7f228eb8734df84ab97ac","contentHash":"51f7c74a6f9cd773541f1b23fa35102b3e028614e183eb9a335a2184c26114cf"},"/Users/andela/Desktop/Andela/mybrandbackend/src/middleware/authenticator.js":{"path":"/Users/andela/Desktop/Andela/mybrandbackend/src/middleware/authenticator.js","statementMap":{"0":{"start":{"line":3,"column":20},"end":{"line":3,"column":67}},"1":{"start":{"line":5,"column":39},"end":{"line":5,"column":95}},"2":{"start":{"line":8,"column":0},"end":{"line":23,"column":2}},"3":{"start":{"line":9,"column":14},"end":{"line":9,"column":42}},"4":{"start":{"line":11,"column":2},"end":{"line":22,"column":3}},"5":{"start":{"line":12,"column":4},"end":{"line":12,"column":75}},"6":{"start":{"line":14,"column":4},"end":{"line":21,"column":5}},"7":{"start":{"line":15,"column":23},"end":{"line":15,"column":87}},"8":{"start":{"line":17,"column":6},"end":{"line":17,"column":28}},"9":{"start":{"line":18,"column":6},"end":{"line":18,"column":13}},"10":{"start":{"line":20,"column":6},"end":{"line":20,"column":40}}},"fnMap":{"0":{"name":"_interopRequireDefault","decl":{"start":{"line":5,"column":9},"end":{"line":5,"column":31}},"loc":{"start":{"line":5,"column":37},"end":{"line":5,"column":97}},"line":5},"1":{"name":"(anonymous_1)","decl":{"start":{"line":8,"column":17},"end":{"line":8,"column":18}},"loc":{"start":{"line":8,"column":43},"end":{"line":23,"column":1}},"line":8}},"branchMap":{"0":{"loc":{"start":{"line":5,"column":46},"end":{"line":5,"column":94}},"type":"cond-expr","locations":[{"start":{"line":5,"column":70},"end":{"line":5,"column":73}},{"start":{"line":5,"column":76},"end":{"line":5,"column":94}}],"line":5},"1":{"loc":{"start":{"line":5,"column":46},"end":{"line":5,"column":67}},"type":"binary-expr","locations":[{"start":{"line":5,"column":46},"end":{"line":5,"column":49}},{"start":{"line":5,"column":53},"end":{"line":5,"column":67}}],"line":5},"2":{"loc":{"start":{"line":11,"column":2},"end":{"line":22,"column":3}},"type":"if","locations":[{"start":{"line":11,"column":2},"end":{"line":22,"column":3}},{"start":{"line":11,"column":2},"end":{"line":22,"column":3}}],"line":11}},"s":{"0":1,"1":1,"2":1,"3":2,"4":2,"5":2,"6":0,"7":0,"8":0,"9":0,"10":0},"f":{"0":1,"1":2},"b":{"0":[0,1],"1":[1,1],"2":[2,0]},"inputSourceMap":{"version":3,"sources":["authenticator.js"],"names":["module","exports","req","res","next","token","header","status","send","authorized","jwt","verify","process","env","TOKEN_SECRET","user","error"],"mappings":";;AACA;;;;AADA;AAGAA,MAAM,CAACC,OAAP,GAAiB,UAAUC,GAAV,EAAeC,GAAf,EAAoBC,IAApB,EAA0B;AACzC,MAAMC,KAAK,GAAGH,GAAG,CAACI,MAAJ,CAAW,gBAAX,CAAd;;AACA,MAAI,CAACD,KAAL,EAAY;AACV,WAAOF,GAAG,CAACI,MAAJ,CAAW,GAAX,EAAgBC,IAAhB,CAAqB,yCAArB,CAAP;AACD,GAFD,MAEO;AACL,QAAI;AACF,UAAMC,UAAU,GAAGC,yBAAIC,MAAJ,CAAWN,KAAX,EAAkBO,OAAO,CAACC,GAAR,CAAYC,YAA9B,CAAnB;;AACAZ,MAAAA,GAAG,CAACa,IAAJ,GAAWN,UAAX;AACAL,MAAAA,IAAI;AACL,KAJD,CAIE,OAAOY,KAAP,EAAc;AACdb,MAAAA,GAAG,CAACI,MAAJ,CAAWC,IAAX,CAAgB,gBAAhB;AACD;AACF;AACF,CAbD","sourceRoot":"/Users/andela/Desktop/Andela/mybrandbackend/src/middleware/","sourcesContent":["//const jwt = require(\"jsonwebtoken\");\nimport jwt from \"jsonwebtoken\";\n\nmodule.exports = function (req, res, next) {\n  const token = req.header(\"authantication\");\n  if (!token) {\n    return res.status(401).send(\"You are not allowed to access this page\");\n  } else {\n    try {\n      const authorized = jwt.verify(token, process.env.TOKEN_SECRET);\n      req.user = authorized;\n      next();\n    } catch (error) {\n      res.status.send(\"invalide token\");\n    }\n  }\n};\n"]},"_coverageSchema":"1a1c01bbd47fc00a2c39e90264f33305004495a9","hash":"86b1bd45c16276c96bc8ecbe67806f95b9976c7b","contentHash":"f2f50706ab46ef6b0b1083b09c23c388e5a4415c2fc005da34f58f70a3427b5a"},"/Users/andela/Desktop/Andela/mybrandbackend/src/routes/usersRoute.js":{"path":"/Users/andela/Desktop/Andela/mybrandbackend/src/routes/usersRoute.js","statementMap":{"0":{"start":{"line":3,"column":15},"end":{"line":3,"column":57}},"1":{"start":{"line":5,"column":23},"end":{"line":5,"column":90}},"2":{"start":{"line":7,"column":21},"end":{"line":7,"column":86}},"3":{"start":{"line":9,"column":39},"end":{"line":9,"column":95}},"4":{"start":{"line":14,"column":13},"end":{"line":14,"column":41}},"5":{"start":{"line":16,"column":0},"end":{"line":16,"column":70}},"6":{"start":{"line":17,"column":0},"end":{"line":17,"column":89}},"7":{"start":{"line":18,"column":0},"end":{"line":18,"column":62}},"8":{"start":{"line":19,"column":0},"end":{"line":19,"column":24}}},"fnMap":{"0":{"name":"_interopRequireDefault","decl":{"start":{"line":9,"column":9},"end":{"line":9,"column":31}},"loc":{"start":{"line":9,"column":37},"end":{"line":9,"column":97}},"line":9}},"branchMap":{"0":{"loc":{"start":{"line":9,"column":46},"end":{"line":9,"column":94}},"type":"cond-expr","locations":[{"start":{"line":9,"column":70},"end":{"line":9,"column":73}},{"start":{"line":9,"column":76},"end":{"line":9,"column":94}}],"line":9},"1":{"loc":{"start":{"line":9,"column":46},"end":{"line":9,"column":67}},"type":"binary-expr","locations":[{"start":{"line":9,"column":46},"end":{"line":9,"column":49}},{"start":{"line":9,"column":53},"end":{"line":9,"column":67}}],"line":9}},"s":{"0":1,"1":1,"2":1,"3":3,"4":1,"5":1,"6":1,"7":1,"8":1},"f":{"0":3},"b":{"0":[1,2],"1":[3,3]},"inputSourceMap":{"version":3,"sources":["usersRoute.js"],"names":["router","express","Router","post","UserController","createUser","get","verify","findAllUsers","login","module","exports"],"mappings":";;AAIA;;AACA;;AACA;;;;AANA;AACA;AACA;AAKA,IAAMA,MAAM,GAAGC,oBAAQC,MAAR,EAAf;;AAEAF,MAAM,CAACG,IAAP,CAAY,gBAAZ,EAA8BC,4BAAeC,UAA7C;AACAL,MAAM,CAACM,GAAP,CAAW,OAAX,EAAmBC,yBAAnB,EAA0BH,4BAAeI,YAAzC;AACAR,MAAM,CAACG,IAAP,CAAY,aAAZ,EAA0BC,4BAAeK,KAAzC;AAEAC,MAAM,CAACC,OAAP,GAAiBX,MAAjB","sourceRoot":"/Users/andela/Desktop/Andela/mybrandbackend/src/routes/","sourcesContent":["// const userController = require(\"../controller/usersController\")\n// const verify = require(\"../middleware/authenticator\")\n// const express = require(\"express\");\n\nimport express from \"express\";\nimport UserController from \"../controller/usersController.js\";\nimport verify from \"../middleware/authenticator.js\"\nconst router = express.Router();\n\nrouter.post(\"/user/register\", UserController.createUser)\nrouter.get(\"/user\",verify,UserController.findAllUsers)\nrouter.post(\"/user/login\",UserController.login)\n\nmodule.exports = router;"]},"_coverageSchema":"1a1c01bbd47fc00a2c39e90264f33305004495a9","hash":"0d3f090d8a5d9f20249d4fa65adf57cd486b5999","contentHash":"8a2ff628f29089eefabd461c82132bb9ddbbdb9eb17b5ac6f250e4141d03d444"},"/Users/andela/Desktop/Andela/mybrandbackend/src/controller/usersController.js":{"path":"/Users/andela/Desktop/Andela/mybrandbackend/src/controller/usersController.js","statementMap":{"0":{"start":{"line":3,"column":0},"end":{"line":5,"column":3}},"1":{"start":{"line":6,"column":0},"end":{"line":6,"column":28}},"2":{"start":{"line":8,"column":13},"end":{"line":8,"column":66}},"3":{"start":{"line":10,"column":20},"end":{"line":10,"column":67}},"4":{"start":{"line":12,"column":14},"end":{"line":12,"column":55}},"5":{"start":{"line":14,"column":23},"end":{"line":14,"column":66}},"6":{"start":{"line":16,"column":39},"end":{"line":16,"column":95}},"7":{"start":{"line":18,"column":77},"end":{"line":18,"column":175}},"8":{"start":{"line":18,"column":94},"end":{"line":18,"column":107}},"9":{"start":{"line":18,"column":121},"end":{"line":18,"column":131}},"10":{"start":{"line":18,"column":151},"end":{"line":18,"column":165}},"11":{"start":{"line":18,"column":166},"end":{"line":18,"column":173}},"12":{"start":{"line":18,"column":176},"end":{"line":18,"column":263}},"13":{"start":{"line":18,"column":193},"end":{"line":18,"column":208}},"14":{"start":{"line":18,"column":218},"end":{"line":18,"column":261}},"15":{"start":{"line":20,"column":33},"end":{"line":20,"column":387}},"16":{"start":{"line":20,"column":65},"end":{"line":20,"column":69}},"17":{"start":{"line":20,"column":78},"end":{"line":20,"column":87}},"18":{"start":{"line":20,"column":89},"end":{"line":20,"column":384}},"19":{"start":{"line":20,"column":147},"end":{"line":20,"column":167}},"20":{"start":{"line":20,"column":193},"end":{"line":20,"column":264}},"21":{"start":{"line":20,"column":290},"end":{"line":20,"column":360}},"22":{"start":{"line":20,"column":363},"end":{"line":20,"column":380}},"23":{"start":{"line":22,"column":44},"end":{"line":22,"column":315}},"24":{"start":{"line":22,"column":57},"end":{"line":22,"column":58}},"25":{"start":{"line":22,"column":102},"end":{"line":22,"column":110}},"26":{"start":{"line":22,"column":112},"end":{"line":22,"column":167}},"27":{"start":{"line":22,"column":168},"end":{"line":22,"column":199}},"28":{"start":{"line":22,"column":200},"end":{"line":22,"column":254}},"29":{"start":{"line":22,"column":227},"end":{"line":22,"column":254}},"30":{"start":{"line":22,"column":255},"end":{"line":22,"column":313}},"31":{"start":{"line":24,"column":62},"end":{"line":24,"column":131}},"32":{"start":{"line":24,"column":78},"end":{"line":24,"column":131}},"33":{"start":{"line":24,"column":132},"end":{"line":24,"column":193}},"34":{"start":{"line":24,"column":149},"end":{"line":24,"column":193}},"35":{"start":{"line":24,"column":194},"end":{"line":24,"column":263}},"36":{"start":{"line":24,"column":264},"end":{"line":24,"column":283}},"37":{"start":{"line":26,"column":50},"end":{"line":26,"column":151}},"38":{"start":{"line":26,"column":92},"end":{"line":26,"column":149}},"39":{"start":{"line":28,"column":44},"end":{"line":28,"column":195}},"40":{"start":{"line":28,"column":62},"end":{"line":28,"column":166}},"41":{"start":{"line":28,"column":176},"end":{"line":28,"column":193}},"42":{"start":{"line":28,"column":196},"end":{"line":28,"column":207}},"43":{"start":{"line":30,"column":34},"end":{"line":32,"column":2}},"44":{"start":{"line":31,"column":2},"end":{"line":31,"column":40}},"45":{"start":{"line":34,"column":0},"end":{"line":104,"column":5}},"46":{"start":{"line":35,"column":13},"end":{"line":99,"column":5}},"47":{"start":{"line":38,"column":4},"end":{"line":98,"column":33}},"48":{"start":{"line":39,"column":6},"end":{"line":97,"column":7}},"49":{"start":{"line":40,"column":8},"end":{"line":96,"column":9}},"50":{"start":{"line":42,"column":12},"end":{"line":42,"column":117}},"51":{"start":{"line":44,"column":12},"end":{"line":47,"column":13}},"52":{"start":{"line":45,"column":14},"end":{"line":45,"column":32}},"53":{"start":{"line":46,"column":14},"end":{"line":46,"column":20}},"54":{"start":{"line":49,"column":12},"end":{"line":49,"column":59}},"55":{"start":{"line":50,"column":12},"end":{"line":50,"column":31}},"56":{"start":{"line":51,"column":12},"end":{"line":51,"column":18}},"57":{"start":{"line":54,"column":12},"end":{"line":58,"column":15}},"58":{"start":{"line":59,"column":12},"end":{"line":59,"column":30}},"59":{"start":{"line":60,"column":12},"end":{"line":62,"column":15}},"60":{"start":{"line":65,"column":12},"end":{"line":65,"column":44}},"61":{"start":{"line":66,"column":12},"end":{"line":66,"column":30}},"62":{"start":{"line":68,"column":12},"end":{"line":71,"column":13}},"63":{"start":{"line":69,"column":14},"end":{"line":69,"column":33}},"64":{"start":{"line":70,"column":14},"end":{"line":70,"column":20}},"65":{"start":{"line":73,"column":12},"end":{"line":73,"column":35}},"66":{"start":{"line":74,"column":12},"end":{"line":74,"column":31}},"67":{"start":{"line":75,"column":12},"end":{"line":75,"column":18}},"68":{"start":{"line":78,"column":12},"end":{"line":78,"column":31}},"69":{"start":{"line":79,"column":12},"end":{"line":79,"column":31}},"70":{"start":{"line":82,"column":12},"end":{"line":82,"column":39}},"71":{"start":{"line":85,"column":12},"end":{"line":85,"column":31}},"72":{"start":{"line":86,"column":12},"end":{"line":86,"column":18}},"73":{"start":{"line":89,"column":12},"end":{"line":89,"column":31}},"74":{"start":{"line":90,"column":12},"end":{"line":90,"column":47}},"75":{"start":{"line":91,"column":12},"end":{"line":91,"column":62}},"76":{"start":{"line":95,"column":12},"end":{"line":95,"column":35}},"77":{"start":{"line":101,"column":2},"end":{"line":103,"column":4}},"78":{"start":{"line":102,"column":4},"end":{"line":102,"column":39}},"79":{"start":{"line":106,"column":0},"end":{"line":199,"column":5}},"80":{"start":{"line":107,"column":14},"end":{"line":194,"column":5}},"81":{"start":{"line":110,"column":4},"end":{"line":193,"column":34}},"82":{"start":{"line":111,"column":6},"end":{"line":192,"column":7}},"83":{"start":{"line":112,"column":8},"end":{"line":191,"column":9}},"84":{"start":{"line":114,"column":12},"end":{"line":114,"column":111}},"85":{"start":{"line":116,"column":12},"end":{"line":119,"column":13}},"86":{"start":{"line":117,"column":14},"end":{"line":117,"column":33}},"87":{"start":{"line":118,"column":14},"end":{"line":118,"column":20}},"88":{"start":{"line":121,"column":12},"end":{"line":121,"column":94}},"89":{"start":{"line":124,"column":12},"end":{"line":124,"column":39}},"90":{"start":{"line":125,"column":12},"end":{"line":125,"column":31}},"91":{"start":{"line":126,"column":12},"end":{"line":128,"column":15}},"92":{"start":{"line":131,"column":12},"end":{"line":131,"column":34}},"93":{"start":{"line":133,"column":12},"end":{"line":136,"column":13}},"94":{"start":{"line":134,"column":14},"end":{"line":134,"column":33}},"95":{"start":{"line":135,"column":14},"end":{"line":135,"column":20}},"96":{"start":{"line":138,"column":12},"end":{"line":138,"column":74}},"97":{"start":{"line":141,"column":12},"end":{"line":141,"column":31}},"98":{"start":{"line":142,"column":12},"end":{"line":142,"column":45}},"99":{"start":{"line":143,"column":12},"end":{"line":143,"column":32}},"100":{"start":{"line":144,"column":12},"end":{"line":144,"column":83}},"101":{"start":{"line":147,"column":12},"end":{"line":150,"column":13}},"102":{"start":{"line":148,"column":14},"end":{"line":148,"column":34}},"103":{"start":{"line":149,"column":14},"end":{"line":149,"column":20}},"104":{"start":{"line":152,"column":12},"end":{"line":154,"column":41}},"105":{"start":{"line":155,"column":12},"end":{"line":155,"column":37}},"106":{"start":{"line":157,"column":12},"end":{"line":160,"column":13}},"107":{"start":{"line":158,"column":14},"end":{"line":158,"column":34}},"108":{"start":{"line":159,"column":14},"end":{"line":159,"column":20}},"109":{"start":{"line":162,"column":12},"end":{"line":162,"column":92}},"110":{"start":{"line":165,"column":12},"end":{"line":168,"column":13}},"111":{"start":{"line":166,"column":14},"end":{"line":166,"column":34}},"112":{"start":{"line":167,"column":14},"end":{"line":167,"column":20}},"113":{"start":{"line":170,"column":12},"end":{"line":170,"column":117}},"114":{"start":{"line":173,"column":12},"end":{"line":173,"column":32}},"115":{"start":{"line":174,"column":12},"end":{"line":174,"column":18}},"116":{"start":{"line":177,"column":12},"end":{"line":177,"column":36}},"117":{"start":{"line":180,"column":12},"end":{"line":180,"column":32}},"118":{"start":{"line":181,"column":12},"end":{"line":181,"column":18}},"119":{"start":{"line":184,"column":12},"end":{"line":184,"column":32}},"120":{"start":{"line":185,"column":12},"end":{"line":185,"column":49}},"121":{"start":{"line":186,"column":12},"end":{"line":186,"column":47}},"122":{"start":{"line":190,"column":12},"end":{"line":190,"column":36}},"123":{"start":{"line":196,"column":2},"end":{"line":198,"column":4}},"124":{"start":{"line":197,"column":4},"end":{"line":197,"column":40}},"125":{"start":{"line":201,"column":0},"end":{"line":242,"column":5}},"126":{"start":{"line":202,"column":14},"end":{"line":237,"column":5}},"127":{"start":{"line":204,"column":4},"end":{"line":236,"column":17}},"128":{"start":{"line":205,"column":6},"end":{"line":235,"column":7}},"129":{"start":{"line":206,"column":8},"end":{"line":234,"column":9}},"130":{"start":{"line":208,"column":12},"end":{"line":208,"column":33}},"131":{"start":{"line":209,"column":12},"end":{"line":209,"column":31}},"132":{"start":{"line":210,"column":12},"end":{"line":210,"column":54}},"133":{"start":{"line":213,"column":12},"end":{"line":213,"column":40}},"134":{"start":{"line":214,"column":12},"end":{"line":214,"column":43}},"135":{"start":{"line":216,"column":12},"end":{"line":219,"column":13}},"136":{"start":{"line":217,"column":14},"end":{"line":217,"column":33}},"137":{"start":{"line":218,"column":14},"end":{"line":218,"column":20}},"138":{"start":{"line":221,"column":12},"end":{"line":221,"column":111}},"139":{"start":{"line":224,"column":12},"end":{"line":224,"column":31}},"140":{"start":{"line":225,"column":12},"end":{"line":225,"column":44}},"141":{"start":{"line":228,"column":12},"end":{"line":228,"column":34}},"142":{"start":{"line":229,"column":12},"end":{"line":229,"column":27}},"143":{"start":{"line":233,"column":12},"end":{"line":233,"column":36}},"144":{"start":{"line":239,"column":2},"end":{"line":241,"column":4}},"145":{"start":{"line":240,"column":4},"end":{"line":240,"column":40}},"146":{"start":{"line":244,"column":15},"end":{"line":244,"column":29}},"147":{"start":{"line":245,"column":0},"end":{"line":245,"column":30}}},"fnMap":{"0":{"name":"_interopRequireDefault","decl":{"start":{"line":16,"column":9},"end":{"line":16,"column":31}},"loc":{"start":{"line":16,"column":37},"end":{"line":16,"column":97}},"line":16},"1":{"name":"asyncGeneratorStep","decl":{"start":{"line":18,"column":9},"end":{"line":18,"column":27}},"loc":{"start":{"line":18,"column":75},"end":{"line":18,"column":265}},"line":18},"2":{"name":"_asyncToGenerator","decl":{"start":{"line":20,"column":9},"end":{"line":20,"column":26}},"loc":{"start":{"line":20,"column":31},"end":{"line":20,"column":389}},"line":20},"3":{"name":"(anonymous_3)","decl":{"start":{"line":20,"column":40},"end":{"line":20,"column":41}},"loc":{"start":{"line":20,"column":52},"end":{"line":20,"column":386}},"line":20},"4":{"name":"(anonymous_4)","decl":{"start":{"line":20,"column":108},"end":{"line":20,"column":109}},"loc":{"start":{"line":20,"column":135},"end":{"line":20,"column":382}},"line":20},"5":{"name":"_next","decl":{"start":{"line":20,"column":178},"end":{"line":20,"column":183}},"loc":{"start":{"line":20,"column":191},"end":{"line":20,"column":266}},"line":20},"6":{"name":"_throw","decl":{"start":{"line":20,"column":276},"end":{"line":20,"column":282}},"loc":{"start":{"line":20,"column":288},"end":{"line":20,"column":362}},"line":20},"7":{"name":"_defineProperties","decl":{"start":{"line":22,"column":9},"end":{"line":22,"column":26}},"loc":{"start":{"line":22,"column":42},"end":{"line":22,"column":317}},"line":22},"8":{"name":"_createClass","decl":{"start":{"line":24,"column":9},"end":{"line":24,"column":21}},"loc":{"start":{"line":24,"column":60},"end":{"line":24,"column":285}},"line":24},"9":{"name":"_classCallCheck","decl":{"start":{"line":26,"column":9},"end":{"line":26,"column":24}},"loc":{"start":{"line":26,"column":48},"end":{"line":26,"column":153}},"line":26},"10":{"name":"_defineProperty","decl":{"start":{"line":28,"column":9},"end":{"line":28,"column":24}},"loc":{"start":{"line":28,"column":42},"end":{"line":28,"column":209}},"line":28},"11":{"name":"UserController","decl":{"start":{"line":30,"column":56},"end":{"line":30,"column":70}},"loc":{"start":{"line":30,"column":73},"end":{"line":32,"column":1}},"line":30},"12":{"name":"(anonymous_12)","decl":{"start":{"line":34,"column":59},"end":{"line":34,"column":60}},"loc":{"start":{"line":34,"column":71},"end":{"line":104,"column":1}},"line":34},"13":{"name":"_callee","decl":{"start":{"line":35,"column":78},"end":{"line":35,"column":85}},"loc":{"start":{"line":35,"column":96},"end":{"line":99,"column":3}},"line":35},"14":{"name":"_callee$","decl":{"start":{"line":38,"column":44},"end":{"line":38,"column":52}},"loc":{"start":{"line":38,"column":63},"end":{"line":98,"column":5}},"line":38},"15":{"name":"(anonymous_15)","decl":{"start":{"line":101,"column":9},"end":{"line":101,"column":10}},"loc":{"start":{"line":101,"column":28},"end":{"line":103,"column":3}},"line":101},"16":{"name":"(anonymous_16)","decl":{"start":{"line":106,"column":54},"end":{"line":106,"column":55}},"loc":{"start":{"line":106,"column":66},"end":{"line":199,"column":1}},"line":106},"17":{"name":"_callee2","decl":{"start":{"line":107,"column":79},"end":{"line":107,"column":87}},"loc":{"start":{"line":107,"column":98},"end":{"line":194,"column":3}},"line":107},"18":{"name":"_callee2$","decl":{"start":{"line":110,"column":44},"end":{"line":110,"column":53}},"loc":{"start":{"line":110,"column":65},"end":{"line":193,"column":5}},"line":110},"19":{"name":"(anonymous_19)","decl":{"start":{"line":196,"column":9},"end":{"line":196,"column":10}},"loc":{"start":{"line":196,"column":29},"end":{"line":198,"column":3}},"line":196},"20":{"name":"(anonymous_20)","decl":{"start":{"line":201,"column":61},"end":{"line":201,"column":62}},"loc":{"start":{"line":201,"column":73},"end":{"line":242,"column":1}},"line":201},"21":{"name":"_callee3","decl":{"start":{"line":202,"column":79},"end":{"line":202,"column":87}},"loc":{"start":{"line":202,"column":98},"end":{"line":237,"column":3}},"line":202},"22":{"name":"_callee3$","decl":{"start":{"line":204,"column":44},"end":{"line":204,"column":53}},"loc":{"start":{"line":204,"column":65},"end":{"line":236,"column":5}},"line":204},"23":{"name":"(anonymous_23)","decl":{"start":{"line":239,"column":9},"end":{"line":239,"column":10}},"loc":{"start":{"line":239,"column":29},"end":{"line":241,"column":3}},"line":239}},"branchMap":{"0":{"loc":{"start":{"line":16,"column":46},"end":{"line":16,"column":94}},"type":"cond-expr","locations":[{"start":{"line":16,"column":70},"end":{"line":16,"column":73}},{"start":{"line":16,"column":76},"end":{"line":16,"column":94}}],"line":16},"1":{"loc":{"start":{"line":16,"column":46},"end":{"line":16,"column":67}},"type":"binary-expr","locations":[{"start":{"line":16,"column":46},"end":{"line":16,"column":49}},{"start":{"line":16,"column":53},"end":{"line":16,"column":67}}],"line":16},"2":{"loc":{"start":{"line":18,"column":176},"end":{"line":18,"column":263}},"type":"if","locations":[{"start":{"line":18,"column":176},"end":{"line":18,"column":263}},{"start":{"line":18,"column":176},"end":{"line":18,"column":263}}],"line":18},"3":{"loc":{"start":{"line":22,"column":136},"end":{"line":22,"column":166}},"type":"binary-expr","locations":[{"start":{"line":22,"column":136},"end":{"line":22,"column":157}},{"start":{"line":22,"column":161},"end":{"line":22,"column":166}}],"line":22},"4":{"loc":{"start":{"line":22,"column":200},"end":{"line":22,"column":254}},"type":"if","locations":[{"start":{"line":22,"column":200},"end":{"line":22,"column":254}},{"start":{"line":22,"column":200},"end":{"line":22,"column":254}}],"line":22},"5":{"loc":{"start":{"line":24,"column":62},"end":{"line":24,"column":131}},"type":"if","locations":[{"start":{"line":24,"column":62},"end":{"line":24,"column":131}},{"start":{"line":24,"column":62},"end":{"line":24,"column":131}}],"line":24},"6":{"loc":{"start":{"line":24,"column":132},"end":{"line":24,"column":193}},"type":"if","locations":[{"start":{"line":24,"column":132},"end":{"line":24,"column":193}},{"start":{"line":24,"
[...]
d":{"line":421,"column":43}},{"start":{"line":423,"column":10},"end":{"line":425,"column":18}},{"start":{"line":427,"column":10},"end":{"line":430,"column":35}},{"start":{"line":432,"column":10},"end":{"line":432,"column":18}},{"start":{"line":433,"column":10},"end":{"line":434,"column":36}}],"line":371},"23":{"loc":{"start":{"line":380,"column":12},"end":{"line":383,"column":13}},"type":"if","locations":[{"start":{"line":380,"column":12},"end":{"line":383,"column":13}},{"start":{"line":380,"column":12},"end":{"line":383,"column":13}}],"line":380},"24":{"loc":{"start":{"line":397,"column":12},"end":{"line":400,"column":13}},"type":"if","locations":[{"start":{"line":397,"column":12},"end":{"line":400,"column":13}},{"start":{"line":397,"column":12},"end":{"line":400,"column":13}}],"line":397},"25":{"loc":{"start":{"line":402,"column":12},"end":{"line":405,"column":13}},"type":"if","locations":[{"start":{"line":402,"column":12},"end":{"line":405,"column":13}},{"start":{"line":402,"column":12},"end":{"line":405,"column":13}}],"line":402}},"s":{"0":1,"1":1,"2":1,"3":1,"4":1,"5":2,"6":4,"7":4,"8":3,"9":1,"10":1,"11":3,"12":1,"13":2,"14":7,"15":2,"16":2,"17":2,"18":2,"19":3,"20":1,"21":2,"22":0,"23":0,"24":0,"25":0,"26":0,"27":0,"28":0,"29":0,"30":1,"31":0,"32":1,"33":0,"34":1,"35":1,"36":0,"37":0,"38":7,"39":0,"40":7,"41":7,"42":1,"43":0,"44":1,"45":1,"46":0,"47":0,"48":0,"49":0,"50":0,"51":0,"52":0,"53":0,"54":0,"55":0,"56":0,"57":0,"58":0,"59":0,"60":0,"61":0,"62":0,"63":0,"64":0,"65":0,"66":0,"67":0,"68":0,"69":0,"70":1,"71":0,"72":1,"73":1,"74":1,"75":2,"76":2,"77":1,"78":1,"79":0,"80":0,"81":1,"82":1,"83":1,"84":1,"85":1,"86":1,"87":2,"88":2,"89":1,"90":1,"91":1,"92":1,"93":1,"94":1,"95":1,"96":1,"97":1,"98":0,"99":0,"100":0,"101":0,"102":0,"103":0,"104":0,"105":0,"106":0,"107":0,"108":0,"109":0,"110":0,"111":0,"112":0,"113":0,"114":0,"115":0,"116":0,"117":0,"118":0,"119":0,"120":0,"121":0,"122":0,"123":0,"124":0,"125":0,"126":0,"127":0,"128":0,"129":1,"130":0,"131":1,"132":1,"133":0,"134":0,"135":0,"136":0,"137":0,"138":0,"139":0,"140":0,"141":0,"142":0,"143":0,"144":0,"145":0,"146":0,"147":0,"148":0,"149":0,"150":0,"151":0,"152":0,"153":0,"154":0,"155":0,"156":0,"157":0,"158":0,"159":0,"160":0,"161":0,"162":0,"163":0,"164":0,"165":1,"166":0,"167":1,"168":1,"169":0,"170":0,"171":0,"172":0,"173":0,"174":0,"175":0,"176":0,"177":0,"178":0,"179":0,"180":0,"181":0,"182":0,"183":0,"184":0,"185":0,"186":0,"187":0,"188":0,"189":0,"190":0,"191":0,"192":0,"193":0,"194":0,"195":0,"196":0,"197":0,"198":0,"199":0,"200":1,"201":0,"202":1,"203":1,"204":0,"205":0,"206":0,"207":0,"208":0,"209":0,"210":0,"211":0,"212":0,"213":0,"214":0,"215":0,"216":0,"217":0,"218":0,"219":0,"220":0,"221":0,"222":0,"223":0,"224":0,"225":0,"226":0,"227":0,"228":0,"229":0,"230":0,"231":0,"232":0,"233":0,"234":0,"235":0,"236":0,"237":0,"238":0,"239":0,"240":0,"241":1,"242":0,"243":1,"244":1},"f":{"0":2,"1":4,"2":7,"3":2,"4":2,"5":3,"6":1,"7":0,"8":1,"9":0,"10":7,"11":0,"12":1,"13":0,"14":0,"15":0,"16":1,"17":1,"18":2,"19":1,"20":1,"21":1,"22":2,"23":1,"24":1,"25":0,"26":0,"27":0,"28":1,"29":0,"30":0,"31":0,"32":1,"33":0,"34":0,"35":0,"36":1,"37":0,"38":0,"39":0},"b":{"0":[0,2],"1":[2,2],"2":[1,2],"3":[0,0],"4":[0,0],"5":[0,1],"6":[0,1],"7":[0,0],"8":[0,7],"9":[0,0,0,0,0,0,0],"10":[0,0],"11":[0,0],"12":[1,0,0,1],"13":[1,1,1,1],"14":[0,0,0,0,0,0,0,0,0,0],"15":[0,0],"16":[0,0],"17":[0,0,0,0,0,0,0,0,0,0],"18":[0,0],"19":[0,0],"20":[0,0,0,0,0,0,0,0,0],"21":[0,0],"22":[0,0,0,0,0,0,0,0,0,0,0],"23":[0,0],"24":[0,0],"25":[0,0]},"inputSourceMap":{"version":3,"sources":["blogController.js"],"names":["BlogController","req","res","userId","user","id","User","findById","loggedUser","userRole","status","send","body","error","details","message","articles","Article","title","trim","articleBody","ImageLink","save","params","json","find","remove","Object","assign","userName","newComment","USERNAME","COMMENT","comments","oldComments","Comments","push","oldLike","likes","i","length"],"mappings":";;;;;;;AAIA;;AACA;;AACA;;;;;;;;;;;;;;;;AAOA;IACMA,c;;;;gBAAAA,c;qEACmB,iBAAOC,GAAP,EAAYC,GAAZ;AAAA;;AAAA;AAAA;AAAA;AAAA;AACrB;AACIC,YAAAA,MAFiB,GAERF,GAAG,CAACG,IAAJ,CAASC,EAFD;AAAA;AAAA,mBAGIC,kBAAKC,QAAL,CAAcJ,MAAd,CAHJ;;AAAA;AAGfK,YAAAA,UAHe;AAIfC,YAAAA,QAJe,GAIJD,UAAU,CAACC,QAJP;;AAAA,kBAKjBA,QAAQ,IAAI,MALK;AAAA;AAAA;AAAA;;AAAA,6CAMZP,GAAG,CAACQ,MAAJ,CAAW,GAAX,EAAgBC,IAAhB,CAAqB,yCAArB,CANY;;AAAA;AAAA,iCAQH,uCAAkBV,GAAG,CAACW,IAAtB,CARG,EAQbC,KARa,sBAQbA,KARa;;AAAA,iBASjBA,KATiB;AAAA;AAAA;AAAA;;AAUnBX,YAAAA,GAAG,CAACQ,MAAJ,CAAW,GAAX,EAAgBC,IAAhB,CAAqBE,KAAK,CAACC,OAAN,CAAc,CAAd,EAAiBC,OAAtC;AAVmB;AAAA;;AAAA;AAYbC,YAAAA,QAZa,GAYF,IAAIC,gBAAJ,CAAY;AAC3BC,cAAAA,KAAK,EAAEjB,GAAG,CAACW,IAAJ,CAASM,KAAT,CAAeC,IAAf,EADoB;AAE3BC,cAAAA,WAAW,EAAEnB,GAAG,CAACW,IAAJ,CAASQ,WAAT,CAAqBD,IAArB,EAFc;AAG3BE,cAAAA,SAAS,EAAEpB,GAAG,CAACW,IAAJ,CAASS,SAAT,CAAmBF,IAAnB;AAHgB,aAAZ,CAZE;AAAA;AAAA,mBAiBbH,QAAQ,CAACM,IAAT,EAjBa;;AAAA;AAkBnBpB,YAAAA,GAAG,CAACQ,MAAJ,CAAW,GAAX,EAAgBC,IAAhB,CAAqBK,QAArB;;AAlBmB;AAAA;AAAA;AAAA;AAAA;AAAA;AAAA,G;;;;;;;gBADnBhB,c;sEAuBsB,kBAAOC,GAAP,EAAYC,GAAZ;AAAA;AAAA;AAAA;AAAA;AAAA;AAAA;AAAA,mBACDe,iBAAQV,QAAR,CAAiBN,GAAG,CAACsB,MAAJ,CAAWlB,EAA5B,CADC;;AAAA;AAClBW,YAAAA,QADkB;AAExBd,YAAAA,GAAG,CAACQ,MAAJ,CAAW,GAAX,EAAgBc,IAAhB,CAAqB;AAAET,cAAAA,OAAO,EAAE,uBAAX;AAAoCC,cAAAA,QAAQ,EAARA;AAApC,aAArB;;AAFwB;AAAA;AAAA;AAAA;AAAA;AAAA;AAAA,G;;;;;;;gBAvBtBhB,c;sEA6BqB,kBAAOC,GAAP,EAAYC,GAAZ;AAAA;AAAA;AAAA;AAAA;AAAA;AAAA;AAAA,mBACAe,iBAAQQ,IAAR,EADA;;AAAA;AACjBT,YAAAA,QADiB;AAEvBd,YAAAA,GAAG,CAACS,IAAJ,CAASK,QAAT;;AAFuB;AAAA;AAAA;AAAA;AAAA;AAAA;AAAA,G;;;;;;;gBA7BrBhB,c;sEAoCmB,kBAAOC,GAAP,EAAYC,GAAZ;AAAA;AAAA;AAAA;AAAA;AAAA;AACrB;AACIC,YAAAA,MAFiB,GAERF,GAAG,CAACG,IAAJ,CAASC,EAFD;AAAA;AAAA,mBAGIC,kBAAKC,QAAL,CAAcJ,MAAd,CAHJ;;AAAA;AAGfK,YAAAA,UAHe;AAIfC,YAAAA,QAJe,GAIJD,UAAU,CAACC,QAJP;;AAAA,kBAKjBA,QAAQ,IAAI,MALK;AAAA;AAAA;AAAA;;AAAA,8CAMZP,GAAG,CAACQ,MAAJ,CAAW,GAAX,EAAgBC,IAAhB,CAAqB,yCAArB,CANY;;AAAA;AAAA;AAAA,mBAQEM,iBAAQV,QAAR,CAAiBN,GAAG,CAACsB,MAAJ,CAAWlB,EAA5B,CARF;;AAAA;AAQfW,YAAAA,QARe;AAAA;;AAAA,gBAUdA,QAVc;AAAA;AAAA;AAAA;;AAWjBd,YAAAA,GAAG,CAACS,IAAJ,CAAS;AAAEI,cAAAA,OAAO,EAAE;AAAX,aAAT;AAXiB;AAAA;;AAAA;AAAA;AAAA,mBAaXC,QAAQ,CAACU,MAAT,EAbW;;AAAA;AAcjBxB,YAAAA,GAAG,CAACQ,MAAJ,CAAW,GAAX,EAAgBc,IAAhB,CAAqB;AAAET,cAAAA,OAAO,EAAE;AAAX,aAArB;;AAdiB;AAAA;AAAA;;AAAA;AAAA;AAAA;AAiBnBb,YAAAA,GAAG,CAACS,IAAJ;;AAjBmB;AAAA;AAAA;AAAA;AAAA;AAAA;AAAA,G;;;;;;;gBApCnBX,c;sEA2DmB,kBAAOC,GAAP,EAAYC,GAAZ;AAAA;AAAA;AAAA;AAAA;AAAA;AACrB;AACIC,YAAAA,MAFiB,GAERF,GAAG,CAACG,IAAJ,CAASC,EAFD;AAAA;AAAA,mBAGIC,kBAAKC,QAAL,CAAcJ,MAAd,CAHJ;;AAAA;AAGfK,YAAAA,UAHe;AAIfC,YAAAA,QAJe,GAIJD,UAAU,CAACC,QAJP;;AAAA,kBAKjBA,QAAQ,IAAI,MALK;AAAA;AAAA;AAAA;;AAAA,8CAMZP,GAAG,CAACQ,MAAJ,CAAW,GAAX,EAAgBC,IAAhB,CAAqB,yCAArB,CANY;;AAAA;AAAA;AAAA,mBAQEM,iBAAQV,QAAR,CAAiBN,GAAG,CAACsB,MAAJ,CAAWlB,EAA5B,CARF;;AAAA;AAQfW,YAAAA,QARe;AAAA;;AAAA,gBAUdA,QAVc;AAAA;AAAA;AAAA;;AAWjBd,YAAAA,GAAG,CAACS,IAAJ,CAAS;AAAEI,cAAAA,OAAO,EAAE;AAAX,aAAT;AAXiB;AAAA;;AAAA;AAajBY,YAAAA,MAAM,CAACC,MAAP,CAAcZ,QAAd,EAAwBf,GAAG,CAACW,IAA5B;AAbiB;AAAA,mBAcXI,QAAQ,CAACM,IAAT,EAdW;;AAAA;AAejBpB,YAAAA,GAAG,CAACQ,MAAJ,CAAW,GAAX,EAAgBc,IAAhB,CAAqB;AAAET,cAAAA,OAAO,EAAE;AAAX,aAArB;;AAfiB;AAAA;AAAA;;AAAA;AAAA;AAAA;AAkBnBb,YAAAA,GAAG,CAACS,IAAJ;;AAlBmB;AAAA;AAAA;AAAA;AAAA;AAAA;AAAA,G;;;;;;;gBA3DnBX,c;sEAiFc,kBAAOC,GAAP,EAAYC,GAAZ;AAAA;AAAA;AAAA;AAAA;AAAA;AAAA;AAAA,mBACOe,iBAAQV,QAAR,CAAiBN,GAAG,CAACsB,MAAJ,CAAWlB,EAA5B,CADP;;AAAA;AACVW,YAAAA,QADU;AAAA;;AAAA,gBAITA,QAJS;AAAA;AAAA;AAAA;;AAKZd,YAAAA,GAAG,CAACS,IAAJ,CAAS;AAAEI,cAAAA,OAAO,EAAE;AAAX,aAAT;AALY;AAAA;;AAAA;AAORZ,YAAAA,MAPQ,GAOCF,GAAG,CAACG,IAAJ,CAASC,EAPV;AAAA;AAAA,mBAQaC,kBAAKC,QAAL,CAAcJ,MAAd,CARb;;AAAA;AAQNK,YAAAA,UARM;AASNqB,YAAAA,QATM,GASKrB,UAAU,CAACqB,QAThB;AAWNC,YAAAA,UAXM,GAWO;AAAEC,cAAAA,QAAQ,EAAEF,QAAZ;AAAsBG,cAAAA,OAAO,EAAE/B,GAAG,CAACW,IAAJ,CAASqB;AAAxC,aAXP;AAYNC,YAAAA,WAZM,GAYQlB,QAAQ,CAACmB,QAZjB;AAaZD,YAAAA,WAAW,CAACE,IAAZ,CAAiBN,UAAjB;AAEAH,YAAAA,MAAM,CAACC,MAAP,CAAcZ,QAAd,EAAwBkB,WAAxB;AAfY;AAAA,mBAgBNlB,QAAQ,CAACM,IAAT,EAhBM;;AAAA;AAiBZpB,YAAAA,GAAG,CAACQ,MAAJ,CAAW,GAAX,EAAgBc,IAAhB,CAAqBR,QAArB;;AAjBY;AAAA;AAAA;;AAAA;AAAA;AAAA;AAoBdd,YAAAA,GAAG,CAACS,IAAJ;;AApBc;AAAA;AAAA;AAAA;AAAA;AAAA;AAAA,G;;;;;;;gBAjFdX,c;sEAyGW,kBAAOC,GAAP,EAAYC,GAAZ;AAAA;AAAA;AAAA;AAAA;AAAA;AAAA;AAAA,mBACUe,iBAAQV,QAAR,CAAiBN,GAAG,CAACsB,MAAJ,CAAWlB,EAA5B,CADV;;AAAA;AACPW,YAAAA,QADO;AAAA;;AAAA,gBAINA,QAJM;AAAA;AAAA;AAAA;;AAKTd,YAAAA,GAAG,CAACS,IAAJ,CAAS;AAAEI,cAAAA,OAAO,EAAE;AAAX,aAAT;AALS;AAAA;;AAAA;AAOLZ,YAAAA,MAPK,GAOIF,GAAG,CAACG,IAAJ,CAASC,EAPb;AAQLgC,YAAAA,OARK,GAQKrB,QAAQ,CAACsB,KARd;AASAC,YAAAA,CATA,GASI,CATJ;;AAAA;AAAA,kBASOA,CAAC,IAAIF,OAAO,CAACG,MATpB;AAAA;AAAA;AAAA;;AAAA,kBAUHrC,MAAM,IAAIkC,OAAO,CAACE,CAAD,CAVd;AAAA;AAAA;AAAA;;AAAA,8CAU0BrC,GAAG,CAACS,IAAJ,CAAS,eAAT,CAV1B;;AAAA;AAS4B4B,YAAAA,CAAC,EAT7B;AAAA;AAAA;;AAAA;AAaTF,YAAAA,OAAO,CAACD,IAAR,CAAajC,MAAb;AACAwB,YAAAA,MAAM,CAACC,MAAP,CAAcZ,QAAd,EAAwBqB,OAAxB;AAdS;AAAA,mBAeHrB,QAAQ,CAACM,IAAT,EAfG;;AAAA;AAgBTpB,YAAAA,GAAG,CAACQ,MAAJ,CAAW,GAAX,EAAgBc,IAAhB,CAAqBR,QAArB;;AAhBS;AAAA;AAAA;;AAAA;AAAA;AAAA;AAmBXd,YAAAA,GAAG,CAACS,IAAJ;;AAnBW;AAAA;AAAA;AAAA;AAAA;AAAA;AAAA,G;;;;;;;eAuBFX,c","sourceRoot":"/Users/andela/Desktop/Andela/mybrandbackend/src/controller/","sourcesContent":["// const Article = require(\"../models/blog\");\n// const { articleValidation } = require(\"../middleware/blogValidation\");\n// const User = require(\"../models/users\");\n// const { required } = require(\"@hapi/joi\");\nimport Article from \"../models/blog.js\";\nimport { articleValidation } from \"../middleware/blogValidation.js\";\nimport User from \"../models/users.js\";\n\n\n\n\n\n\n// Create article\nclass BlogController {\n  static createArticle = async (req, res) => {\n    //verify if users is admin\n    let userId = req.user.id;\n    const loggedUser = await User.findById(userId);\n    const userRole = loggedUser.userRole;\n    if (userRole == \"user\")\n      return res.status(401).send(\"you are not allowed to access this page\");\n\n    const { error } = articleValidation(req.body);\n    if (error) {\n      res.status(400).send(error.details[0].message);\n    } else {\n      const articles = new Article({\n        title: req.body.title.trim(),\n        articleBody: req.body.articleBody.trim(),\n        ImageLink: req.body.ImageLink.trim(),\n      });\n      await articles.save();\n      res.status(200).send(articles);\n    }\n  };\n  // retrive single article\n  static getSingleArticle = async (req, res) => {\n    const articles = await Article.findById(req.params.id);\n    res.status(200).json({ message: \"liste of all articles\", articles });\n  };\n\n  //retrive liste of all articles\n  static getArticleListe = async (req, res) => {\n    const articles = await Article.find();\n    res.send(articles);\n  };\n\n  //Delete article\n\n  static deleteArticle = async (req, res) => {\n    //verify if users is admin\n    let userId = req.user.id;\n    const loggedUser = await User.findById(userId);\n    const userRole = loggedUser.userRole;\n    if (userRole == \"user\")\n      return res.status(401).send(\"you are not allowed to access this page\");\n\n    const articles = await Article.findById(req.params.id);\n    try {\n      if (!articles) {\n        res.send({ message: \"Article not found\" });\n      } else {\n        await articles.remove();\n        res.status(200).json({ message: \"articles was deleted succesfuly\" });\n      }\n    } catch (error) {\n      res.send(error);\n    }\n  };\n\n  //update article\n\n  static updateArticle = async (req, res) => {\n    //verify if users is admin\n    let userId = req.user.id;\n    const loggedUser = await User.findById(userId);\n    const userRole = loggedUser.userRole;\n    if (userRole == \"user\")\n      return res.status(401).send(\"you are not allowed to access this page\");\n\n    const articles = await Article.findById(req.params.id);\n    try {\n      if (!articles) {\n        res.send({ message: \"Article not found\" });\n      } else {\n        Object.assign(articles, req.body);\n        await articles.save();\n        res.status(200).json({ message: \"articles was update succesfuly\" });\n      }\n    } catch (error) {\n      res.send(error);\n    }\n  };\n\n  static comments = async (req, res) => {\n    const articles = await Article.findById(req.params.id);\n\n    try {\n      if (!articles) {\n        res.send({ message: \"Article not found\" });\n      } else {\n        let userId = req.user.id;\n        const loggedUser = await User.findById(userId);\n        const userName = loggedUser.userName;\n\n        const newComment = { USERNAME: userName, COMMENT: req.body.comments };\n        const oldComments = articles.Comments;\n        oldComments.push(newComment);\n\n        Object.assign(articles, oldComments);\n        await articles.save();\n        res.status(200).json(articles);\n      }\n    } catch (error) {\n      res.send(error);\n    }\n  };\n\n  static likes = async (req, res) => {\n    const articles = await Article.findById(req.params.id);\n\n    try {\n      if (!articles) {\n        res.send({ message: \"Article not found\" });\n      } else {\n        let userId = req.user.id;\n        let oldLike = articles.likes;\n        for (let i = 0; i <= oldLike.length; i++) {\n          if (userId == oldLike[i]) return res.send(\"Already liked\");\n        }\n\n        oldLike.push(userId);\n        Object.assign(articles, oldLike);\n        await articles.save();\n        res.status(200).json(articles);\n      }\n    } catch (error) {\n      res.send(error);\n    }\n  };\n}\nexport default BlogController;\n"]},"_coverageSchema":"1a1c01bbd47fc00a2c39e90264f33305004495a9","hash":"d9f455885f3f09e3e2471c992649679d72504ad8","contentHash":"3846de0dc8295350e28d2e2892bb414312f6a08a9ce2a070288e9d18db0520a5"},"/Users/andela/Desktop/Andela/mybrandbackend/src/models/blog.js":{"path":"/Users/andela/Desktop/Andela/mybrandbackend/src/models/blog.js","statementMap":{"0":{"start":{"line":3,"column":16},"end":{"line":3,"column":59}},"1":{"start":{"line":5,"column":39},"end":{"line":5,"column":95}},"2":{"start":{"line":8,"column":13},"end":{"line":8,"column":40}},"3":{"start":{"line":9,"column":20},"end":{"line":33,"column":2}},"4":{"start":{"line":35,"column":14},"end":{"line":35,"column":66}},"5":{"start":{"line":37,"column":0},"end":{"line":37,"column":25}}},"fnMap":{"0":{"name":"_interopRequireDefault","decl":{"start":{"line":5,"column":9},"end":{"line":5,"column":31}},"loc":{"start":{"line":5,"column":37},"end":{"line":5,"column":97}},"line":5}},"branchMap":{"0":{"loc":{"start":{"line":5,"column":46},"end":{"line":5,"column":94}},"type":"cond-expr","locations":[{"start":{"line":5,"column":70},"end":{"line":5,"column":73}},{"start":{"line":5,"column":76},"end":{"line":5,"column":94}}],"line":5},"1":{"loc":{"start":{"line":5,"column":46},"end":{"line":5,"column":67}},"type":"binary-expr","locations":[{"start":{"line":5,"column":46},"end":{"line":5,"column":49}},{"start":{"line":5,"column":53},"end":{"line":5,"column":67}}],"line":5}},"s":{"0":1,"1":1,"2":1,"3":1,"4":1,"5":1},"f":{"0":1},"b":{"0":[0,1],"1":[1,1]},"inputSourceMap":{"version":3,"sources":["blog.js"],"names":["Schema","mongoose","ArticleSchema","title","type","required","min","max","articleBody","ImageLink","likes","Comments","createDate","Date","now","updateDate","Article","model","module","exports"],"mappings":";;AACA;;;;AADA;AAEA,IAAMA,MAAM,GAAGC,qBAASD,MAAxB;AAEA,IAAME,aAAa,GAAG,IAAIF,MAAJ,CAAW;AAC7BG,EAAAA,KAAK,EAAC;AACFC,IAAAA,IAAI,EAAE,QADJ;AAEFC,IAAAA,QAAQ,EAAE,IAFR;AAGFC,IAAAA,GAAG,EAAC,CAHF;AAIFC,IAAAA,GAAG,EAAE;AAJH,GADuB;AAQ7BC,EAAAA,WAAW,EAAC;AACRJ,IAAAA,IAAI,EAAE,QADE;AAERC,IAAAA,QAAQ,EAAE,IAFF;AAGRE,IAAAA,GAAG,EAAE;AAHG,GARiB;AAc7BE,EAAAA,SAAS,EAAC;AACNL,IAAAA,IAAI,EAAE;AADA,GAdmB;AAkB7BM,EAAAA,KAAK,EAAE,EAlBsB;AAoB7BC,EAAAA,QAAQ,EAAE,EApBmB;AAsB7BC,EAAAA,UAAU,EAAC;AACPR,IAAAA,IAAI,EAAE,MADC;AAEP,eAASS,IAAI,CAACC,GAAL;AAFF,GAtBkB;AA0B7BC,EAAAA,UAAU,EAAC;AACPX,IAAAA,IAAI,EAAE;AADC;AA1BkB,CAAX,CAAtB;;AA8BA,IAAMY,OAAO,GAAIf,qBAASgB,KAAT,CAAe,SAAf,EAA2Bf,aAA3B,CAAjB;;AAEAgB,MAAM,CAACC,OAAP,GAAiBH,OAAjB","sourceRoot":"/Users/andela/Desktop/Andela/mybrandbackend/src/models/","sourcesContent":["// const mongoose = require(\"mongoose\")\nimport mongoose from 'mongoose';\nconst Schema = mongoose.Schema;\n\nconst ArticleSchema = new Schema({\n    title:{\n        type: 'string',\n        required: true,\n        min:6,\n        max: 60\n\n    },\n    articleBody:{\n        type: 'string',\n        required: true,\n        max: 3000\n\n    },\n    ImageLink:{\n        type: 'string',\n        \n    },\n    likes: [],\n\n    Comments: [],\n    \n    createDate:{\n        type: 'date',\n        default: Date.now()\n    },\n    updateDate:{\n        type: 'date'\n    }\n});\nconst Article =  mongoose.model('Article' , ArticleSchema)\n\nmodule.exports = Article;"]},"_coverageSchema":"1a1c01bbd47fc00a2c39e90264f33305004495a9","hash":"aa16883fa0f97cbfef305f07919400d30f69f24b","contentHash":"fd1f95436f1305567774dac3b88659dfb7bc0bb8f2d7a3f15f41d37e3ca84c5c"},"/Users/andela/Desktop/Andela/mybrandbackend/src/middleware/blogValidation.js":{"path":"/Users/andela/Desktop/Andela/mybrandbackend/src/middleware/blogValidation.js","statementMap":{"0":{"start":{"line":3,"column":11},"end":{"line":3,"column":55}},"1":{"start":{"line":5,"column":39},"end":{"line":5,"column":95}},"2":{"start":{"line":10,"column":24},"end":{"line":18,"column":1}},"3":{"start":{"line":11,"column":22},"end":{"line":15,"column":4}},"4":{"start":{"line":17,"column":2},"end":{"line":17,"column":58}},"5":{"start":{"line":20,"column":0},"end":{"line":20,"column":53}}},"fnMap":{"0":{"name":"_interopRequireDefault","decl":{"start":{"line":5,"column":9},"end":{"line":5,"column":31}},"loc":{"start":{"line":5,"column":37},"end":{"line":5,"column":97}},"line":5},"1":{"name":"articleValidation","decl":{"start":{"line":10,"column":33},"end":{"line":10,"column":50}},"loc":{"start":{"line":10,"column":60},"end":{"line":18,"column":1}},"line":10}},"branchMap":{"0":{"loc":{"start":{"line":5,"column":46},"end":{"line":5,"column":94}},"type":"cond-expr","locations":[{"start":{"line":5,"column":70},"end":{"line":5,"column":73}},{"start":{"line":5,"column":76},"end":{"line":5,"column":94}}],"line":5},"1":{"loc":{"start":{"line":5,"column":46},"end":{"line":5,"column":67}},"type":"binary-expr","locations":[{"start":{"line":5,"column":46},"end":{"line":5,"column":49}},{"start":{"line":5,"column":53},"end":{"line":5,"column":67}}],"line":5}},"s":{"0":1,"1":1,"2":1,"3":0,"4":0,"5":1},"f":{"0":1,"1":0},"b":{"0":[0,1],"1":[1,1]},"inputSourceMap":{"version":3,"sources":["blogValidation.js"],"names":["articleValidation","reqBody","articleSchema","joi","object","title","string","min","required","articleBody","ImageLink","validate","module","exports"],"mappings":";;AAEA;;;;AAFA;AACA;AAIA;AACA,IAAMA,iBAAiB,GAAG,SAApBA,iBAAoB,CAACC,OAAD,EAAY;AACtC,MAAMC,aAAa,GAAGC,gBAAIC,MAAJ,CAAW;AAC7BC,IAAAA,KAAK,EAACF,gBAAIG,MAAJ,GAAaC,GAAb,CAAiB,CAAjB,EAAoBC,QAApB,EADuB;AAE7BC,IAAAA,WAAW,EAACN,gBAAIG,MAAJ,GAAaE,QAAb,EAFiB;AAG7BE,IAAAA,SAAS,EAACP,gBAAIG,MAAJ,GAAaC,GAAb,CAAiB,CAAjB,EAAoBC,QAApB;AAHmB,GAAX,CAAtB;;AAKC,SAAOL,gBAAIQ,QAAJ,CAAaV,OAAb,EAAsBC,aAAtB,CAAP;AACA,CAPD;;AAQAU,MAAM,CAACC,OAAP,CAAeb,iBAAf,GAAmCA,iBAAnC","sourceRoot":"/Users/andela/Desktop/Andela/mybrandbackend/src/middleware/","sourcesContent":["//validation\n// const joi = require('@hapi/joi');\nimport joi from '@hapi/joi';\n\n\n//article validation\nconst articleValidation = (reqBody) =>{\nconst articleSchema = joi.object({\n    title:joi.string().min(6).required(),\n    articleBody:joi.string().required(),\n    ImageLink:joi.string().min(4).required(),\n});\n return joi.validate(reqBody, articleSchema);\n}\nmodule.exports.articleValidation = articleValidation;\n\n\n"]},"_coverageSchema":"1a1c01bbd47fc00a2c39e90264f33305004495a9","hash":"a6ba8e874a83a525dba8b0b16e33ca1a31ca8b59","contentHash":"e38047df7cab1afab8e8b63ee335275dfd1c40f6b007d4d16e79c86767a41a1d"}}